WARNING 2020-12-04 18:45:52,742 base 93 Not Found: /
WARNING 2020-12-04 18:45:52,743 basehttp 124 "GET / HTTP/1.1" 404 2152
WARNING 2020-12-04 18:45:53,948 base 93 Not Found: /favicon.ico
WARNING 2020-12-04 18:45:53,949 basehttp 124 "GET /favicon.ico HTTP/1.1" 404 2203
INFO 2020-12-04 18:46:00,957 basehttp 124 "GET /admin/ HTTP/1.1" 200 4366
INFO 2020-12-04 18:46:01,075 basehttp 124 "GET /static/xadmin/vendor/bootstrap/css/bootstrap.css HTTP/1.1" 304 0
INFO 2020-12-04 18:46:01,076 basehttp 124 "GET /static/xadmin/css/themes/bootstrap-xadmin.css HTTP/1.1" 304 0
INFO 2020-12-04 18:46:01,132 basehttp 124 "GET /static/xadmin/vendor/font-awesome/css/font-awesome.css HTTP/1.1" 304 0
INFO 2020-12-04 18:46:01,140 basehttp 124 "GET /static/xadmin/css/xadmin.main.css HTTP/1.1" 304 0
INFO 2020-12-04 18:46:01,156 basehttp 124 "GET /static/xadmin/css/xadmin.plugins.css HTTP/1.1" 304 0
INFO 2020-12-04 18:46:01,160 basehttp 124 "GET /static/xadmin/vendor/jquery/jquery.js HTTP/1.1" 304 0
INFO 2020-12-04 18:46:01,165 basehttp 124 "GET /static/xadmin/css/xadmin.responsive.css HTTP/1.1" 304 0
INFO 2020-12-04 18:46:01,190 basehttp 124 "GET /static/xadmin/vendor/jquery-ui/jquery.ui.widget.js HTTP/1.1" 304 0
INFO 2020-12-04 18:46:01,237 basehttp 124 "GET /static/xadmin/js/xadmin.responsive.js HTTP/1.1" 304 0
INFO 2020-12-04 18:46:01,257 basehttp 124 "GET /static/xadmin/vendor/jquery-ui/jquery.ui.effect.js HTTP/1.1" 304 0
INFO 2020-12-04 18:46:01,261 basehttp 124 "GET /static/xadmin/js/xadmin.main.js HTTP/1.1" 304 0
INFO 2020-12-04 18:46:01,274 basehttp 124 "GET /static/xadmin/vendor/jquery-ui/jquery.ui.sortable.js HTTP/1.1" 304 0
INFO 2020-12-04 18:46:01,275 basehttp 124 "GET /static/xadmin/js/xadmin.plugin.themes.js HTTP/1.1" 304 0
INFO 2020-12-04 18:46:01,288 basehttp 124 "GET /admin/jsi18n/ HTTP/1.1" 200 4373
INFO 2020-12-04 18:46:01,305 basehttp 124 "GET /static/xadmin/vendor/jquery-ui/jquery.ui.mouse.js HTTP/1.1" 304 0
INFO 2020-12-04 18:46:01,308 basehttp 124 "GET /static/xadmin/vendor/bootstrap/js/bootstrap.js HTTP/1.1" 304 0
INFO 2020-12-04 18:46:01,322 basehttp 124 "GET /static/xadmin/vendor/jquery-ui/jquery.ui.core.js HTTP/1.1" 304 0
INFO 2020-12-04 18:46:01,648 basehttp 124 "GET /static/xadmin/vendor/font-awesome/fonts/fontawesome-webfont.woff?v=4.0.3 HTTP/1.1" 304 0
INFO 2020-12-04 18:46:04,380 basehttp 124 "POST /admin/ HTTP/1.1" 200 4595
INFO 2020-12-04 18:46:04,442 basehttp 124 "GET /admin/jsi18n/ HTTP/1.1" 200 4373
INFO 2020-12-04 18:46:10,259 basehttp 124 "POST /admin/ HTTP/1.1" 302 0
INFO 2020-12-04 18:46:14,324 basehttp 124 "GET /admin/ HTTP/1.1" 200 14764
INFO 2020-12-04 18:46:14,397 basehttp 124 "GET /static/xadmin/css/xadmin.page.dashboard.css HTTP/1.1" 304 0
INFO 2020-12-04 18:46:14,421 basehttp 124 "GET /admin/jsi18n/ HTTP/1.1" 200 3185
INFO 2020-12-04 18:46:14,431 basehttp 124 "GET /static/xadmin/js/xadmin.plugin.portal.js HTTP/1.1" 304 0
INFO 2020-12-04 18:46:14,432 basehttp 124 "GET /static/xadmin/js/xadmin.page.dashboard.js HTTP/1.1" 304 0
INFO 2020-12-04 18:47:52,348 basehttp 124 "GET /admin/home/nav/ HTTP/1.1" 200 24799
INFO 2020-12-04 18:47:52,411 basehttp 124 "GET /static/xadmin/css/xadmin.form.css HTTP/1.1" 304 0
INFO 2020-12-04 18:47:52,434 basehttp 124 "GET /static/xadmin/js/xadmin.plugin.details.js HTTP/1.1" 304 0
INFO 2020-12-04 18:47:52,444 basehttp 124 "GET /admin/jsi18n/ HTTP/1.1" 200 3185
INFO 2020-12-04 18:47:52,449 basehttp 124 "GET /static/xadmin/js/xadmin.plugin.filters.js HTTP/1.1" 304 0
INFO 2020-12-04 18:47:52,454 basehttp 124 "GET /static/xadmin/js/xadmin.plugin.bookmark.js HTTP/1.1" 304 0
INFO 2020-12-04 18:47:52,462 basehttp 124 "GET /static/xadmin/js/xadmin.page.list.js HTTP/1.1" 304 0
INFO 2020-12-04 18:47:52,476 basehttp 124 "GET /static/xadmin/js/xadmin.page.form.js HTTP/1.1" 304 0
INFO 2020-12-04 18:47:55,768 basehttp 124 "GET /admin/home/nav/add/ HTTP/1.1" 200 19153
INFO 2020-12-04 18:47:55,842 basehttp 124 "GET /static/xadmin/vendor/select2/select2.css HTTP/1.1" 304 0
INFO 2020-12-04 18:47:55,849 basehttp 124 "GET /static/xadmin/vendor/selectize/selectize.css HTTP/1.1" 304 0
INFO 2020-12-04 18:47:55,857 basehttp 124 "GET /static/xadmin/vendor/selectize/selectize.bootstrap3.css HTTP/1.1" 304 0
INFO 2020-12-04 18:47:55,885 basehttp 124 "GET /admin/jsi18n/ HTTP/1.1" 200 3185
INFO 2020-12-04 18:47:55,900 basehttp 124 "GET /static/xadmin/vendor/select2/select2.js HTTP/1.1" 304 0
INFO 2020-12-04 18:47:55,902 basehttp 124 "GET /static/xadmin/vendor/selectize/selectize.js HTTP/1.1" 304 0
INFO 2020-12-04 18:47:55,915 basehttp 124 "GET /static/xadmin/js/xadmin.widget.select.js HTTP/1.1" 304 0
WARNING 2020-12-04 18:47:55,920 basehttp 124 "GET /static/xadmin/vendor/select2/select2_locale_en-us.js HTTP/1.1" 404 1759
WARNING 2020-12-04 18:47:56,125 basehttp 124 "GET /static/xadmin/vendor/select2/select2_locale_en-us.js HTTP/1.1" 404 1759
INFO 2020-12-04 18:48:14,465 basehttp 124 "POST /admin/home/nav/add/ HTTP/1.1" 302 0
INFO 2020-12-04 18:48:14,571 basehttp 124 "GET /admin/home/nav/add/ HTTP/1.1" 200 19496
WARNING 2020-12-04 18:48:14,644 basehttp 124 "GET /static/xadmin/vendor/select2/select2_locale_en-us.js HTTP/1.1" 404 1759
INFO 2020-12-04 18:48:14,652 basehttp 124 "GET /admin/jsi18n/ HTTP/1.1" 200 3185
WARNING 2020-12-04 18:48:14,808 basehttp 124 "GET /static/xadmin/vendor/select2/select2_locale_en-us.js HTTP/1.1" 404 1759
INFO 2020-12-04 18:48:30,930 basehttp 124 "POST /admin/home/nav/add/ HTTP/1.1" 302 0
INFO 2020-12-04 18:48:31,041 basehttp 124 "GET /admin/home/nav/add/ HTTP/1.1" 200 19496
WARNING 2020-12-04 18:48:31,117 basehttp 124 "GET /static/xadmin/vendor/select2/select2_locale_en-us.js HTTP/1.1" 404 1759
INFO 2020-12-04 18:48:31,124 basehttp 124 "GET /admin/jsi18n/ HTTP/1.1" 200 3185
WARNING 2020-12-04 18:48:31,283 basehttp 124 "GET /static/xadmin/vendor/select2/select2_locale_en-us.js HTTP/1.1" 404 1759
INFO 2020-12-04 18:48:47,722 basehttp 124 "POST /admin/home/nav/add/ HTTP/1.1" 302 0
INFO 2020-12-04 18:48:47,836 basehttp 124 "GET /admin/home/nav/add/ HTTP/1.1" 200 19496
WARNING 2020-12-04 18:48:47,914 basehttp 124 "GET /static/xadmin/vendor/select2/select2_locale_en-us.js HTTP/1.1" 404 1759
INFO 2020-12-04 18:48:47,922 basehttp 124 "GET /admin/jsi18n/ HTTP/1.1" 200 3185
WARNING 2020-12-04 18:48:48,071 basehttp 124 "GET /static/xadmin/vendor/select2/select2_locale_en-us.js HTTP/1.1" 404 1759
INFO 2020-12-04 18:49:00,764 basehttp 124 "POST /admin/home/nav/add/ HTTP/1.1" 302 0
INFO 2020-12-04 18:49:00,926 basehttp 124 "GET /admin/home/nav/add/ HTTP/1.1" 200 19496
WARNING 2020-12-04 18:49:01,052 basehttp 124 "GET /static/xadmin/vendor/select2/select2_locale_en-us.js HTTP/1.1" 404 1759
INFO 2020-12-04 18:49:01,066 basehttp 124 "GET /admin/jsi18n/ HTTP/1.1" 200 3185
WARNING 2020-12-04 18:49:01,259 basehttp 124 "GET /static/xadmin/vendor/select2/select2_locale_en-us.js HTTP/1.1" 404 1759
INFO 2020-12-04 18:49:19,563 basehttp 124 "POST /admin/home/nav/add/ HTTP/1.1" 302 0
INFO 2020-12-04 18:49:19,681 basehttp 124 "GET /admin/home/nav/add/ HTTP/1.1" 200 19496
WARNING 2020-12-04 18:49:19,753 basehttp 124 "GET /static/xadmin/vendor/select2/select2_locale_en-us.js HTTP/1.1" 404 1759
INFO 2020-12-04 18:49:19,758 basehttp 124 "GET /admin/jsi18n/ HTTP/1.1" 200 3185
WARNING 2020-12-04 18:49:19,938 basehttp 124 "GET /static/xadmin/vendor/select2/select2_locale_en-us.js HTTP/1.1" 404 1759
INFO 2020-12-04 18:49:37,521 basehttp 124 "POST /admin/home/nav/add/ HTTP/1.1" 302 0
INFO 2020-12-04 18:49:37,715 basehttp 124 "GET /admin/home/nav/add/ HTTP/1.1" 200 19496
WARNING 2020-12-04 18:49:37,869 basehttp 124 "GET /static/xadmin/vendor/select2/select2_locale_en-us.js HTTP/1.1" 404 1759
INFO 2020-12-04 18:49:37,890 basehttp 124 "GET /admin/jsi18n/ HTTP/1.1" 200 3185
WARNING 2020-12-04 18:49:38,150 basehttp 124 "GET /static/xadmin/vendor/select2/select2_locale_en-us.js HTTP/1.1" 404 1759
INFO 2020-12-04 18:50:15,476 basehttp 124 "POST /admin/home/nav/add/ HTTP/1.1" 302 0
INFO 2020-12-04 18:50:15,586 basehttp 124 "GET /admin/home/nav/add/ HTTP/1.1" 200 19500
WARNING 2020-12-04 18:50:15,659 basehttp 124 "GET /static/xadmin/vendor/select2/select2_locale_en-us.js HTTP/1.1" 404 1759
INFO 2020-12-04 18:50:15,666 basehttp 124 "GET /admin/jsi18n/ HTTP/1.1" 200 3185
WARNING 2020-12-04 18:50:15,791 basehttp 124 "GET /static/xadmin/vendor/select2/select2_locale_en-us.js HTTP/1.1" 404 1759
INFO 2020-12-04 18:50:38,459 basehttp 124 "POST /admin/home/nav/add/ HTTP/1.1" 302 0
INFO 2020-12-04 18:50:38,569 basehttp 124 "GET /admin/home/nav/add/ HTTP/1.1" 200 19499
WARNING 2020-12-04 18:50:38,642 basehttp 124 "GET /static/xadmin/vendor/select2/select2_locale_en-us.js HTTP/1.1" 404 1759
INFO 2020-12-04 18:50:38,650 basehttp 124 "GET /admin/jsi18n/ HTTP/1.1" 200 3185
WARNING 2020-12-04 18:50:38,771 basehttp 124 "GET /static/xadmin/vendor/select2/select2_locale_en-us.js HTTP/1.1" 404 1759
INFO 2020-12-04 18:50:53,117 basehttp 124 "POST /admin/home/nav/add/ HTTP/1.1" 302 0
INFO 2020-12-04 18:50:53,235 basehttp 124 "GET /admin/home/nav/add/ HTTP/1.1" 200 19496
WARNING 2020-12-04 18:50:53,331 basehttp 124 "GET /static/xadmin/vendor/select2/select2_locale_en-us.js HTTP/1.1" 404 1759
INFO 2020-12-04 18:50:53,338 basehttp 124 "GET /admin/jsi18n/ HTTP/1.1" 200 3185
WARNING 2020-12-04 18:50:53,573 basehttp 124 "GET /static/xadmin/vendor/select2/select2_locale_en-us.js HTTP/1.1" 404 1759
INFO 2020-12-04 18:51:04,034 basehttp 124 "POST /admin/home/nav/add/ HTTP/1.1" 302 0
INFO 2020-12-04 18:51:04,147 basehttp 124 "GET /admin/home/nav/add/ HTTP/1.1" 200 19497
INFO 2020-12-04 18:51:04,239 basehttp 124 "GET /admin/jsi18n/ HTTP/1.1" 200 3185
WARNING 2020-12-04 18:51:04,249 basehttp 124 "GET /static/xadmin/vendor/select2/select2_locale_en-us.js HTTP/1.1" 404 1759
WARNING 2020-12-04 18:51:04,479 basehttp 124 "GET /static/xadmin/vendor/select2/select2_locale_en-us.js HTTP/1.1" 404 1759
INFO 2020-12-04 18:51:19,225 basehttp 124 "POST /admin/home/nav/add/ HTTP/1.1" 302 0
INFO 2020-12-04 18:51:19,439 basehttp 124 "GET /admin/home/nav/ HTTP/1.1" 200 36446
INFO 2020-12-04 18:51:19,548 basehttp 124 "GET /admin/jsi18n/ HTTP/1.1" 200 3185
INFO 2020-12-04 18:51:19,552 basehttp 124 "GET /static/xadmin/js/xadmin.plugin.actions.js HTTP/1.1" 304 0
INFO 2020-12-04 18:51:22,434 basehttp 124 "GET /admin/home/banner/ HTTP/1.1" 200 24323
INFO 2020-12-04 18:51:22,516 basehttp 124 "GET /admin/jsi18n/ HTTP/1.1" 200 3185
INFO 2020-12-04 18:51:33,199 basehttp 124 "GET /admin/home/banner/add/ HTTP/1.1" 200 19805
INFO 2020-12-04 18:51:33,243 basehttp 124 "GET /static/xadmin/vendor/bootstrap-image-gallery/css/bootstrap-image-gallery.css HTTP/1.1" 304 0
INFO 2020-12-04 18:51:33,266 basehttp 124 "GET /static/xadmin/vendor/load-image/load-image.js HTTP/1.1" 304 0
INFO 2020-12-04 18:51:33,268 basehttp 124 "GET /static/xadmin/vendor/bootstrap-image-gallery/js/bootstrap-image-gallery.js HTTP/1.1" 304 0
INFO 2020-12-04 18:51:33,274 basehttp 124 "GET /admin/jsi18n/ HTTP/1.1" 200 3185
INFO 2020-12-04 18:52:04,902 basehttp 124 "POST /admin/home/banner/add/ HTTP/1.1" 302 0
INFO 2020-12-04 18:52:04,997 basehttp 124 "GET /admin/home/banner/add/ HTTP/1.1" 200 20145
INFO 2020-12-04 18:52:05,071 basehttp 124 "GET /admin/jsi18n/ HTTP/1.1" 200 3185
INFO 2020-12-04 18:52:20,290 basehttp 124 "POST /admin/home/banner/add/ HTTP/1.1" 302 0
INFO 2020-12-04 18:52:20,389 basehttp 124 "GET /admin/home/banner/add/ HTTP/1.1" 200 20145
INFO 2020-12-04 18:52:20,462 basehttp 124 "GET /admin/jsi18n/ HTTP/1.1" 200 3185
INFO 2020-12-04 18:52:36,035 basehttp 124 "POST /admin/home/banner/add/ HTTP/1.1" 302 0
INFO 2020-12-04 18:52:36,127 basehttp 124 "GET /admin/home/banner/ HTTP/1.1" 200 29523
INFO 2020-12-04 18:52:36,211 basehttp 124 "GET /admin/jsi18n/ HTTP/1.1" 200 3185
INFO 2020-12-04 18:55:38,876 basehttp 124 "GET /home/banners/ HTTP/1.1" 200 271
INFO 2020-12-04 18:55:38,877 basehttp 124 "GET /home/navs/ HTTP/1.1" 200 338
INFO 2020-12-04 18:55:38,885 basehttp 124 "GET /home/naves/ HTTP/1.1" 200 276
INFO 2020-12-04 18:55:39,069 basehttp 124 "GET /media/banner/02.png HTTP/1.1" 200 364808
INFO 2020-12-04 18:55:39,074 basehttp 124 "GET /media/banner/03.png HTTP/1.1" 200 745382
INFO 2020-12-04 18:55:39,076 basehttp 124 "GET /media/banner/01.png HTTP/1.1" 200 737783
WARNING 2020-12-04 19:54:12,259 base 93 Not Found: /
WARNING 2020-12-04 19:54:12,260 basehttp 124 "GET / HTTP/1.1" 404 2152
INFO 2020-12-04 19:54:18,325 basehttp 124 "GET /admin/ HTTP/1.1" 200 4362
INFO 2020-12-04 19:54:18,438 basehttp 124 "GET /admin/jsi18n/ HTTP/1.1" 200 4369
ERROR 2020-12-04 19:54:20,078 exception 118 Internal Server Error: /admin/
Traceback (most recent call last):
  File "F:\python_pycharm\第二阶段Web\后端\envs\mydjango\lib\site-packages\django\core\handlers\exception.py", line 35, in inner
    response = get_response(request)
  File "F:\python_pycharm\第二阶段Web\后端\envs\mydjango\lib\site-packages\django\core\handlers\base.py", line 128, in _get_response
    response = self.process_exception_by_middleware(e, request)
  File "F:\python_pycharm\第二阶段Web\后端\envs\mydjango\lib\site-packages\django\core\handlers\base.py", line 126, in _get_response
    response = wrapped_callback(request, *callback_args, **callback_kwargs)
  File "F:\python_pycharm\第二阶段Web\后端\envs\mydjango\lib\site-packages\xadmin\sites.py", line 300, in wrapper
    return self.admin_view(view, cacheable)(*args, **kwargs)
  File "F:\python_pycharm\第二阶段Web\后端\envs\mydjango\lib\site-packages\django\views\decorators\cache.py", line 44, in _wrapped_view_func
    response = view_func(request, *args, **kwargs)
  File "F:\python_pycharm\第二阶段Web\后端\envs\mydjango\lib\site-packages\xadmin\sites.py", line 207, in inner
    return self.create_admin_view(self.login_view)(request, *args, **kwargs)
  File "F:\python_pycharm\第二阶段Web\后端\envs\mydjango\lib\site-packages\xadmin\views\base.py", line 282, in view
    return handler(request, *args, **kwargs)
  File "F:\python_pycharm\第二阶段Web\后端\envs\mydjango\lib\site-packages\django\views\decorators\cache.py", line 44, in _wrapped_view_func
    response = view_func(request, *args, **kwargs)
  File "F:\python_pycharm\第二阶段Web\后端\envs\mydjango\lib\site-packages\xadmin\views\website.py", line 71, in post
    return self.get(request)
  File "F:\python_pycharm\第二阶段Web\后端\envs\mydjango\lib\site-packages\django\views\decorators\cache.py", line 44, in _wrapped_view_func
    response = view_func(request, *args, **kwargs)
  File "F:\python_pycharm\第二阶段Web\后端\envs\mydjango\lib\site-packages\xadmin\views\website.py", line 67, in get
    return login.as_view(**defaults)(request)
  File "F:\python_pycharm\第二阶段Web\后端\envs\mydjango\lib\site-packages\django\views\generic\base.py", line 69, in view
    return self.dispatch(request, *args, **kwargs)
  File "F:\python_pycharm\第二阶段Web\后端\envs\mydjango\lib\site-packages\django\utils\decorators.py", line 62, in _wrapper
    return bound_func(*args, **kwargs)
  File "F:\python_pycharm\第二阶段Web\后端\envs\mydjango\lib\site-packages\django\views\decorators\debug.py", line 76, in sensitive_post_parameters_wrapper
    return view(request, *args, **kwargs)
  File "F:\python_pycharm\第二阶段Web\后端\envs\mydjango\lib\site-packages\django\utils\decorators.py", line 58, in bound_func
    return func.__get__(self, type(self))(*args2, **kwargs2)
  File "F:\python_pycharm\第二阶段Web\后端\envs\mydjango\lib\site-packages\django\utils\decorators.py", line 62, in _wrapper
    return bound_func(*args, **kwargs)
  File "F:\python_pycharm\第二阶段Web\后端\envs\mydjango\lib\site-packages\django\utils\decorators.py", line 142, in _wrapped_view
    response = view_func(request, *args, **kwargs)
  File "F:\python_pycharm\第二阶段Web\后端\envs\mydjango\lib\site-packages\django\utils\decorators.py", line 58, in bound_func
    return func.__get__(self, type(self))(*args2, **kwargs2)
  File "F:\python_pycharm\第二阶段Web\后端\envs\mydjango\lib\site-packages\django\utils\decorators.py", line 62, in _wrapper
    return bound_func(*args, **kwargs)
  File "F:\python_pycharm\第二阶段Web\后端\envs\mydjango\lib\site-packages\django\views\decorators\cache.py", line 44, in _wrapped_view_func
    response = view_func(request, *args, **kwargs)
  File "F:\python_pycharm\第二阶段Web\后端\envs\mydjango\lib\site-packages\django\utils\decorators.py", line 58, in bound_func
    return func.__get__(self, type(self))(*args2, **kwargs2)
  File "F:\python_pycharm\第二阶段Web\后端\envs\mydjango\lib\site-packages\django\contrib\auth\views.py", line 66, in dispatch
    return super().dispatch(request, *args, **kwargs)
  File "F:\python_pycharm\第二阶段Web\后端\envs\mydjango\lib\site-packages\django\views\generic\base.py", line 89, in dispatch
    return handler(request, *args, **kwargs)
  File "F:\python_pycharm\第二阶段Web\后端\envs\mydjango\lib\site-packages\django\views\generic\edit.py", line 141, in post
    if form.is_valid():
  File "F:\python_pycharm\第二阶段Web\后端\envs\mydjango\lib\site-packages\django\forms\forms.py", line 179, in is_valid
    return self.is_bound and not self.errors
  File "F:\python_pycharm\第二阶段Web\后端\envs\mydjango\lib\site-packages\django\forms\forms.py", line 174, in errors
    self.full_clean()
  File "F:\python_pycharm\第二阶段Web\后端\envs\mydjango\lib\site-packages\django\forms\forms.py", line 377, in full_clean
    self._clean_form()
  File "F:\python_pycharm\第二阶段Web\后端\envs\mydjango\lib\site-packages\django\forms\forms.py", line 404, in _clean_form
    cleaned_data = self.clean()
  File "F:\python_pycharm\第二阶段Web\后端\envs\mydjango\lib\site-packages\xadmin\forms.py", line 30, in clean
    username=username, password=password)
  File "F:\python_pycharm\第二阶段Web\后端\envs\mydjango\lib\site-packages\django\contrib\auth\__init__.py", line 68, in authenticate
    for backend, backend_path in _get_backends(return_tuples=True):
  File "F:\python_pycharm\第二阶段Web\后端\envs\mydjango\lib\site-packages\django\contrib\auth\__init__.py", line 33, in _get_backends
    'No authentication backends have been defined. Does '
django.core.exceptions.ImproperlyConfigured: No authentication backends have been defined. Does AUTHENTICATION_BACKENDS contain anything?
ERROR 2020-12-04 19:54:20,537 basehttp 124 "POST /admin/ HTTP/1.1" 500 194998
INFO 2020-12-04 19:54:53,414 basehttp 124 "GET /admin/ HTTP/1.1" 200 4362
INFO 2020-12-04 19:54:53,528 basehttp 124 "GET /admin/jsi18n/ HTTP/1.1" 200 4369
ERROR 2020-12-04 19:54:55,013 exception 118 Internal Server Error: /admin/
Traceback (most recent call last):
  File "F:\python_pycharm\第二阶段Web\后端\envs\mydjango\lib\site-packages\django\core\handlers\exception.py", line 35, in inner
    response = get_response(request)
  File "F:\python_pycharm\第二阶段Web\后端\envs\mydjango\lib\site-packages\django\core\handlers\base.py", line 128, in _get_response
    response = self.process_exception_by_middleware(e, request)
  File "F:\python_pycharm\第二阶段Web\后端\envs\mydjango\lib\site-packages\django\core\handlers\base.py", line 126, in _get_response
    response = wrapped_callback(request, *callback_args, **callback_kwargs)
  File "F:\python_pycharm\第二阶段Web\后端\envs\mydjango\lib\site-packages\xadmin\sites.py", line 300, in wrapper
    return self.admin_view(view, cacheable)(*args, **kwargs)
  File "F:\python_pycharm\第二阶段Web\后端\envs\mydjango\lib\site-packages\django\views\decorators\cache.py", line 44, in _wrapped_view_func
    response = view_func(request, *args, **kwargs)
  File "F:\python_pycharm\第二阶段Web\后端\envs\mydjango\lib\site-packages\xadmin\sites.py", line 207, in inner
    return self.create_admin_view(self.login_view)(request, *args, **kwargs)
  File "F:\python_pycharm\第二阶段Web\后端\envs\mydjango\lib\site-packages\xadmin\views\base.py", line 282, in view
    return handler(request, *args, **kwargs)
  File "F:\python_pycharm\第二阶段Web\后端\envs\mydjango\lib\site-packages\django\views\decorators\cache.py", line 44, in _wrapped_view_func
    response = view_func(request, *args, **kwargs)
  File "F:\python_pycharm\第二阶段Web\后端\envs\mydjango\lib\site-packages\xadmin\views\website.py", line 71, in post
    return self.get(request)
  File "F:\python_pycharm\第二阶段Web\后端\envs\mydjango\lib\site-packages\django\views\decorators\cache.py", line 44, in _wrapped_view_func
    response = view_func(request, *args, **kwargs)
  File "F:\python_pycharm\第二阶段Web\后端\envs\mydjango\lib\site-packages\xadmin\views\website.py", line 67, in get
    return login.as_view(**defaults)(request)
  File "F:\python_pycharm\第二阶段Web\后端\envs\mydjango\lib\site-packages\django\views\generic\base.py", line 69, in view
    return self.dispatch(request, *args, **kwargs)
  File "F:\python_pycharm\第二阶段Web\后端\envs\mydjango\lib\site-packages\django\utils\decorators.py", line 62, in _wrapper
    return bound_func(*args, **kwargs)
  File "F:\python_pycharm\第二阶段Web\后端\envs\mydjango\lib\site-packages\django\views\decorators\debug.py", line 76, in sensitive_post_parameters_wrapper
    return view(request, *args, **kwargs)
  File "F:\python_pycharm\第二阶段Web\后端\envs\mydjango\lib\site-packages\django\utils\decorators.py", line 58, in bound_func
    return func.__get__(self, type(self))(*args2, **kwargs2)
  File "F:\python_pycharm\第二阶段Web\后端\envs\mydjango\lib\site-packages\django\utils\decorators.py", line 62, in _wrapper
    return bound_func(*args, **kwargs)
  File "F:\python_pycharm\第二阶段Web\后端\envs\mydjango\lib\site-packages\django\utils\decorators.py", line 142, in _wrapped_view
    response = view_func(request, *args, **kwargs)
  File "F:\python_pycharm\第二阶段Web\后端\envs\mydjango\lib\site-packages\django\utils\decorators.py", line 58, in bound_func
    return func.__get__(self, type(self))(*args2, **kwargs2)
  File "F:\python_pycharm\第二阶段Web\后端\envs\mydjango\lib\site-packages\django\utils\decorators.py", line 62, in _wrapper
    return bound_func(*args, **kwargs)
  File "F:\python_pycharm\第二阶段Web\后端\envs\mydjango\lib\site-packages\django\views\decorators\cache.py", line 44, in _wrapped_view_func
    response = view_func(request, *args, **kwargs)
  File "F:\python_pycharm\第二阶段Web\后端\envs\mydjango\lib\site-packages\django\utils\decorators.py", line 58, in bound_func
    return func.__get__(self, type(self))(*args2, **kwargs2)
  File "F:\python_pycharm\第二阶段Web\后端\envs\mydjango\lib\site-packages\django\contrib\auth\views.py", line 66, in dispatch
    return super().dispatch(request, *args, **kwargs)
  File "F:\python_pycharm\第二阶段Web\后端\envs\mydjango\lib\site-packages\django\views\generic\base.py", line 89, in dispatch
    return handler(request, *args, **kwargs)
  File "F:\python_pycharm\第二阶段Web\后端\envs\mydjango\lib\site-packages\django\views\generic\edit.py", line 141, in post
    if form.is_valid():
  File "F:\python_pycharm\第二阶段Web\后端\envs\mydjango\lib\site-packages\django\forms\forms.py", line 179, in is_valid
    return self.is_bound and not self.errors
  File "F:\python_pycharm\第二阶段Web\后端\envs\mydjango\lib\site-packages\django\forms\forms.py", line 174, in errors
    self.full_clean()
  File "F:\python_pycharm\第二阶段Web\后端\envs\mydjango\lib\site-packages\django\forms\forms.py", line 377, in full_clean
    self._clean_form()
  File "F:\python_pycharm\第二阶段Web\后端\envs\mydjango\lib\site-packages\django\forms\forms.py", line 404, in _clean_form
    cleaned_data = self.clean()
  File "F:\python_pycharm\第二阶段Web\后端\envs\mydjango\lib\site-packages\xadmin\forms.py", line 30, in clean
    username=username, password=password)
  File "F:\python_pycharm\第二阶段Web\后端\envs\mydjango\lib\site-packages\django\contrib\auth\__init__.py", line 68, in authenticate
    for backend, backend_path in _get_backends(return_tuples=True):
  File "F:\python_pycharm\第二阶段Web\后端\envs\mydjango\lib\site-packages\django\contrib\auth\__init__.py", line 29, in _get_backends
    backend = load_backend(backend_path)
  File "F:\python_pycharm\第二阶段Web\后端\envs\mydjango\lib\site-packages\django\contrib\auth\__init__.py", line 23, in load_backend
    return import_string(path)()
  File "F:\python_pycharm\第二阶段Web\后端\envs\mydjango\lib\site-packages\django\utils\module_loading.py", line 17, in import_string
    module = import_module(module_path)
  File "d:\py3.6\lib\importlib\__init__.py", line 126, in import_module
    return _bootstrap._gcd_import(name[level:], package, level)
  File "<frozen importlib._bootstrap>", line 994, in _gcd_import
  File "<frozen importlib._bootstrap>", line 971, in _find_and_load
  File "<frozen importlib._bootstrap>", line 953, in _find_and_load_unlocked
ModuleNotFoundError: No module named 'user.service'
ERROR 2020-12-04 19:54:55,216 basehttp 124 "POST /admin/ HTTP/1.1" 500 212042
ERROR 2020-12-04 19:55:09,078 exception 118 Internal Server Error: /admin/
Traceback (most recent call last):
  File "F:\python_pycharm\第二阶段Web\后端\envs\mydjango\lib\site-packages\django\db\backends\utils.py", line 85, in _execute
    return self.cursor.execute(sql, params)
  File "F:\python_pycharm\第二阶段Web\后端\envs\mydjango\lib\site-packages\django\db\backends\mysql\base.py", line 71, in execute
    return self.cursor.execute(query, args)
  File "F:\python_pycharm\第二阶段Web\后端\envs\mydjango\lib\site-packages\MySQLdb\cursors.py", line 206, in execute
    res = self._query(query)
  File "F:\python_pycharm\第二阶段Web\后端\envs\mydjango\lib\site-packages\MySQLdb\cursors.py", line 319, in _query
    db.query(q)
  File "F:\python_pycharm\第二阶段Web\后端\envs\mydjango\lib\site-packages\MySQLdb\connections.py", line 259, in query
    _mysql.connection.query(self, query)
MySQLdb._exceptions.ProgrammingError: (1146, "Table 'edu_api.bz_user' doesn't exist")

The above exception was the direct cause of the following exception:

Traceback (most recent call last):
  File "F:\python_pycharm\第二阶段Web\后端\envs\mydjango\lib\site-packages\django\core\handlers\exception.py", line 35, in inner
    response = get_response(request)
  File "F:\python_pycharm\第二阶段Web\后端\envs\mydjango\lib\site-packages\django\core\handlers\base.py", line 128, in _get_response
    response = self.process_exception_by_middleware(e, request)
  File "F:\python_pycharm\第二阶段Web\后端\envs\mydjango\lib\site-packages\django\core\handlers\base.py", line 126, in _get_response
    response = wrapped_callback(request, *callback_args, **callback_kwargs)
  File "F:\python_pycharm\第二阶段Web\后端\envs\mydjango\lib\site-packages\xadmin\sites.py", line 300, in wrapper
    return self.admin_view(view, cacheable)(*args, **kwargs)
  File "F:\python_pycharm\第二阶段Web\后端\envs\mydjango\lib\site-packages\django\views\decorators\cache.py", line 44, in _wrapped_view_func
    response = view_func(request, *args, **kwargs)
  File "F:\python_pycharm\第二阶段Web\后端\envs\mydjango\lib\site-packages\xadmin\sites.py", line 206, in inner
    if not self.has_permission(request) and getattr(view, 'need_site_permission', True):
  File "F:\python_pycharm\第二阶段Web\后端\envs\mydjango\lib\site-packages\xadmin\sites.py", line 161, in has_permission
    return request.user.is_active and request.user.is_staff
  File "F:\python_pycharm\第二阶段Web\后端\envs\mydjango\lib\site-packages\django\utils\functional.py", line 215, in inner
    self._setup()
  File "F:\python_pycharm\第二阶段Web\后端\envs\mydjango\lib\site-packages\django\utils\functional.py", line 349, in _setup
    self._wrapped = self._setupfunc()
  File "F:\python_pycharm\第二阶段Web\后端\envs\mydjango\lib\site-packages\django\contrib\auth\middleware.py", line 24, in <lambda>
    request.user = SimpleLazyObject(lambda: get_user(request))
  File "F:\python_pycharm\第二阶段Web\后端\envs\mydjango\lib\site-packages\django\contrib\auth\middleware.py", line 12, in get_user
    request._cached_user = auth.get_user(request)
  File "F:\python_pycharm\第二阶段Web\后端\envs\mydjango\lib\site-packages\django\contrib\auth\__init__.py", line 218, in get_user
    user = backend.get_user(user_id)
  File "F:\python_pycharm\第二阶段Web\后端\envs\mydjango\lib\site-packages\django\contrib\auth\backends.py", line 101, in get_user
    user = UserModel._default_manager.get(pk=user_id)
  File "F:\python_pycharm\第二阶段Web\后端\envs\mydjango\lib\site-packages\django\db\models\manager.py", line 82, in manager_method
    return getattr(self.get_queryset(), name)(*args, **kwargs)
  File "F:\python_pycharm\第二阶段Web\后端\envs\mydjango\lib\site-packages\django\db\models\query.py", line 397, in get
    num = len(clone)
  File "F:\python_pycharm\第二阶段Web\后端\envs\mydjango\lib\site-packages\django\db\models\query.py", line 254, in __len__
    self._fetch_all()
  File "F:\python_pycharm\第二阶段Web\后端\envs\mydjango\lib\site-packages\django\db\models\query.py", line 1179, in _fetch_all
    self._result_cache = list(self._iterable_class(self))
  File "F:\python_pycharm\第二阶段Web\后端\envs\mydjango\lib\site-packages\django\db\models\query.py", line 53, in __iter__
    results = compiler.execute_sql(chunked_fetch=self.chunked_fetch, chunk_size=self.chunk_size)
  File "F:\python_pycharm\第二阶段Web\后端\envs\mydjango\lib\site-packages\django\db\models\sql\compiler.py", line 1068, in execute_sql
    cursor.execute(sql, params)
  File "F:\python_pycharm\第二阶段Web\后端\envs\mydjango\lib\site-packages\django\db\backends\utils.py", line 100, in execute
    return super().execute(sql, params)
  File "F:\python_pycharm\第二阶段Web\后端\envs\mydjango\lib\site-packages\django\db\backends\utils.py", line 68, in execute
    return self._execute_with_wrappers(sql, params, many=False, executor=self._execute)
  File "F:\python_pycharm\第二阶段Web\后端\envs\mydjango\lib\site-packages\django\db\backends\utils.py", line 77, in _execute_with_wrappers
    return executor(sql, params, many, context)
  File "F:\python_pycharm\第二阶段Web\后端\envs\mydjango\lib\site-packages\django\db\backends\utils.py", line 85, in _execute
    return self.cursor.execute(sql, params)
  File "F:\python_pycharm\第二阶段Web\后端\envs\mydjango\lib\site-packages\django\db\utils.py", line 89, in __exit__
    raise dj_exc_value.with_traceback(traceback) from exc_value
  File "F:\python_pycharm\第二阶段Web\后端\envs\mydjango\lib\site-packages\django\db\backends\utils.py", line 85, in _execute
    return self.cursor.execute(sql, params)
  File "F:\python_pycharm\第二阶段Web\后端\envs\mydjango\lib\site-packages\django\db\backends\mysql\base.py", line 71, in execute
    return self.cursor.execute(query, args)
  File "F:\python_pycharm\第二阶段Web\后端\envs\mydjango\lib\site-packages\MySQLdb\cursors.py", line 206, in execute
    res = self._query(query)
  File "F:\python_pycharm\第二阶段Web\后端\envs\mydjango\lib\site-packages\MySQLdb\cursors.py", line 319, in _query
    db.query(q)
  File "F:\python_pycharm\第二阶段Web\后端\envs\mydjango\lib\site-packages\MySQLdb\connections.py", line 259, in query
    _mysql.connection.query(self, query)
django.db.utils.ProgrammingError: (1146, "Table 'edu_api.bz_user' doesn't exist")
ERROR 2020-12-04 19:55:09,354 basehttp 124 "GET /admin/ HTTP/1.1" 500 206375
WARNING 2020-12-04 20:37:52,086 base 93 Not Found: /
WARNING 2020-12-04 20:37:52,087 basehttp 124 "GET / HTTP/1.1" 404 2152
INFO 2020-12-04 20:37:57,577 basehttp 124 "GET /admin/ HTTP/1.1" 200 4362
INFO 2020-12-04 20:37:57,689 basehttp 124 "GET /admin/jsi18n/ HTTP/1.1" 200 4369
INFO 2020-12-04 20:37:59,541 basehttp 124 "POST /admin/ HTTP/1.1" 200 4599
INFO 2020-12-04 20:37:59,611 basehttp 124 "GET /admin/jsi18n/ HTTP/1.1" 200 4369
INFO 2020-12-04 20:38:04,720 basehttp 124 "POST /admin/ HTTP/1.1" 200 4599
INFO 2020-12-04 20:38:04,804 basehttp 124 "GET /admin/jsi18n/ HTTP/1.1" 200 4369
INFO 2020-12-04 20:38:55,518 basehttp 124 "POST /admin/ HTTP/1.1" 200 4599
INFO 2020-12-04 20:38:55,601 basehttp 124 "GET /admin/jsi18n/ HTTP/1.1" 200 4369
INFO 2020-12-04 20:38:58,356 basehttp 124 "POST /admin/ HTTP/1.1" 200 4599
INFO 2020-12-04 20:38:58,435 basehttp 124 "GET /admin/jsi18n/ HTTP/1.1" 200 4369
INFO 2020-12-04 20:39:06,706 basehttp 124 "POST /admin/ HTTP/1.1" 302 0
INFO 2020-12-04 20:39:10,969 basehttp 124 "GET /admin/ HTTP/1.1" 200 15498
INFO 2020-12-04 20:39:11,095 basehttp 124 "GET /admin/jsi18n/ HTTP/1.1" 200 7684
INFO 2020-12-04 20:39:21,946 basehttp 124 "GET /admin/user/userinfo/ HTTP/1.1" 200 35366
INFO 2020-12-04 20:39:22,052 basehttp 124 "GET /admin/jsi18n/ HTTP/1.1" 200 7684
INFO 2020-12-04 20:39:43,850 basehttp 124 "GET /admin/xadmin/log/ HTTP/1.1" 200 51067
INFO 2020-12-04 20:39:43,912 basehttp 124 "GET /static/xadmin/vendor/bootstrap-datepicker/css/datepicker.css HTTP/1.1" 304 0
INFO 2020-12-04 20:39:43,944 basehttp 124 "GET /static/xadmin/vendor/bootstrap-datepicker/js/bootstrap-datepicker.js HTTP/1.1" 304 0
INFO 2020-12-04 20:39:43,945 basehttp 124 "GET /static/xadmin/js/xadmin.widget.datetime.js HTTP/1.1" 304 0
INFO 2020-12-04 20:39:43,946 basehttp 124 "GET /static/xadmin/vendor/select2/select2_locale_zh-hans.js HTTP/1.1" 200 694
INFO 2020-12-04 20:39:43,955 basehttp 124 "GET /admin/jsi18n/ HTTP/1.1" 200 7684
INFO 2020-12-04 20:39:51,730 basehttp 124 "GET /admin/auth/group/ HTTP/1.1" 200 24707
INFO 2020-12-04 20:39:51,802 basehttp 124 "GET /admin/jsi18n/ HTTP/1.1" 200 7684
INFO 2020-12-04 20:39:59,785 basehttp 124 "GET /admin/user/userinfo/ HTTP/1.1" 200 35366
INFO 2020-12-04 20:39:59,861 basehttp 124 "GET /admin/jsi18n/ HTTP/1.1" 200 7684
INFO 2020-12-04 20:40:04,091 basehttp 124 "GET /admin/xadmin/log/ HTTP/1.1" 200 51067
INFO 2020-12-04 20:40:04,194 basehttp 124 "GET /admin/jsi18n/ HTTP/1.1" 200 7684
INFO 2020-12-04 20:41:52,211 basehttp 124 "GET /admin/user/userinfo/ HTTP/1.1" 200 35366
INFO 2020-12-04 20:41:52,281 basehttp 124 "GET /admin/jsi18n/ HTTP/1.1" 200 7684
INFO 2020-12-04 20:42:24,719 basehttp 124 "GET /admin/user/userinfo/add/ HTTP/1.1" 200 18626
INFO 2020-12-04 20:42:24,807 basehttp 124 "GET /admin/jsi18n/ HTTP/1.1" 200 7684
INFO 2020-12-04 20:42:31,427 basehttp 124 "GET /admin/user/userinfo/ HTTP/1.1" 200 35366
INFO 2020-12-04 20:42:31,509 basehttp 124 "GET /admin/jsi18n/ HTTP/1.1" 200 7684
INFO 2020-12-04 20:42:32,320 basehttp 124 "GET /admin/ HTTP/1.1" 200 15498
INFO 2020-12-04 20:42:32,404 basehttp 124 "GET /admin/jsi18n/ HTTP/1.1" 200 7684
INFO 2020-12-04 20:42:35,579 basehttp 124 "GET /admin/user/userinfo/ HTTP/1.1" 200 35366
INFO 2020-12-04 20:42:35,667 basehttp 124 "GET /admin/jsi18n/ HTTP/1.1" 200 7684
INFO 2020-12-04 20:48:13,628 basehttp 124 "GET /admin/ HTTP/1.1" 200 15498
INFO 2020-12-04 20:48:13,780 basehttp 124 "GET /admin/jsi18n/ HTTP/1.1" 200 7684
INFO 2020-12-04 20:48:20,769 basehttp 124 "GET /admin/user/userinfo/ HTTP/1.1" 200 35366
INFO 2020-12-04 20:48:20,857 basehttp 124 "GET /admin/jsi18n/ HTTP/1.1" 200 7684
INFO 2020-12-04 20:48:28,592 basehttp 124 "GET /admin/user/userinfo/?_cols=username.email.first_name.last_name.is_staff.phone HTTP/1.1" 200 38926
INFO 2020-12-04 20:48:28,667 basehttp 124 "GET /admin/jsi18n/ HTTP/1.1" 200 7684
INFO 2020-12-04 20:48:57,523 basehttp 124 "GET /admin/user/userinfo/1/update/ HTTP/1.1" 200 31865
INFO 2020-12-04 20:48:57,595 basehttp 124 "GET /static/xadmin/vendor/bootstrap-clockpicker/bootstrap-clockpicker.css HTTP/1.1" 200 3729
INFO 2020-12-04 20:48:57,638 basehttp 124 "GET /static/xadmin/vendor/bootstrap-clockpicker/bootstrap-clockpicker.js HTTP/1.1" 200 21112
INFO 2020-12-04 20:48:57,648 basehttp 124 "GET /admin/jsi18n/ HTTP/1.1" 200 7684
INFO 2020-12-04 20:48:57,650 basehttp 124 "GET /static/xadmin/css/xadmin.widget.select-transfer.css HTTP/1.1" 200 2317
INFO 2020-12-04 20:48:57,665 basehttp 124 "GET /static/xadmin/js/xadmin.plugin.quick-form.js HTTP/1.1" 200 7546
INFO 2020-12-04 20:48:57,673 basehttp 124 "GET /static/xadmin/js/xadmin.widget.select-transfer.js HTTP/1.1" 200 8214
INFO 2020-12-04 20:50:19,326 basehttp 124 "POST /admin/user/userinfo/1/update/ HTTP/1.1" 302 0
INFO 2020-12-04 20:50:19,428 basehttp 124 "GET /admin/user/userinfo/ HTTP/1.1" 200 35589
INFO 2020-12-04 20:50:19,512 basehttp 124 "GET /admin/jsi18n/ HTTP/1.1" 200 7684
WARNING 2020-12-04 22:03:33,493 base 93 Not Found: /
WARNING 2020-12-04 22:03:33,495 basehttp 124 "GET / HTTP/1.1" 404 2257
INFO 2020-12-04 22:15:26,627 basehttp 124 "GET /home/navs/ HTTP/1.1" 200 338
INFO 2020-12-04 22:15:26,629 basehttp 124 "GET /home/naves/ HTTP/1.1" 200 276
INFO 2020-12-04 22:15:26,664 basehttp 124 "GET /home/banners/ HTTP/1.1" 200 2
INFO 2020-12-04 22:16:13,102 basehttp 124 "GET /home/navs/ HTTP/1.1" 200 338
INFO 2020-12-04 22:16:13,105 basehttp 124 "GET /home/banners/ HTTP/1.1" 200 2
INFO 2020-12-04 22:16:13,109 basehttp 124 "GET /home/naves/ HTTP/1.1" 200 276
INFO 2020-12-04 22:20:53,253 basehttp 124 "GET /home/banners/ HTTP/1.1" 200 2
WARNING 2020-12-04 22:21:14,133 basehttp 124 "GET /user/captcha/?username=admin HTTP/1.1" 400 32
WARNING 2020-12-04 22:21:21,338 basehttp 124 "GET /user/captcha/?username=admin HTTP/1.1" 400 32
WARNING 2020-12-04 22:21:22,123 basehttp 124 "GET /user/captcha/?username=admin HTTP/1.1" 400 32
WARNING 2020-12-04 22:21:22,310 basehttp 124 "GET /user/captcha/?username=admin HTTP/1.1" 400 32
WARNING 2020-12-04 22:21:22,506 basehttp 124 "GET /user/captcha/?username=admin HTTP/1.1" 400 32
WARNING 2020-12-04 22:21:22,674 basehttp 124 "GET /user/captcha/?username=admin HTTP/1.1" 400 32
WARNING 2020-12-04 22:21:22,824 basehttp 124 "GET /user/captcha/?username=admin HTTP/1.1" 400 32
WARNING 2020-12-04 22:21:23,019 basehttp 124 "GET /user/captcha/?username=admin HTTP/1.1" 400 32
WARNING 2020-12-04 22:21:24,646 basehttp 124 "GET /user/captcha/?username=admin HTTP/1.1" 400 32
WARNING 2020-12-04 22:21:24,831 basehttp 124 "GET /user/captcha/?username=admin HTTP/1.1" 400 32
WARNING 2020-12-04 22:21:25,031 basehttp 124 "GET /user/captcha/?username=admin HTTP/1.1" 400 32
WARNING 2020-12-04 22:21:25,215 basehttp 124 "GET /user/captcha/?username=admin HTTP/1.1" 400 32
WARNING 2020-12-04 22:21:25,375 basehttp 124 "GET /user/captcha/?username=admin HTTP/1.1" 400 32
WARNING 2020-12-04 22:21:25,548 basehttp 124 "GET /user/captcha/?username=admin HTTP/1.1" 400 32
WARNING 2020-12-04 22:21:26,209 basehttp 124 "GET /user/captcha/?username=admin HTTP/1.1" 400 32
WARNING 2020-12-04 22:21:26,377 basehttp 124 "GET /user/captcha/?username=admin HTTP/1.1" 400 32
WARNING 2020-12-04 22:21:26,548 basehttp 124 "GET /user/captcha/?username=admin HTTP/1.1" 400 32
WARNING 2020-12-04 22:21:26,712 basehttp 124 "GET /user/captcha/?username=admin HTTP/1.1" 400 32
WARNING 2020-12-04 22:21:26,912 basehttp 124 "GET /user/captcha/?username=admin HTTP/1.1" 400 32
INFO 2020-12-04 22:29:51,772 basehttp 124 "GET /home/banners/ HTTP/1.1" 200 2
INFO 2020-12-04 22:31:02,968 basehttp 124 "GET /home/banners/ HTTP/1.1" 200 2
INFO 2020-12-04 22:32:37,663 basehttp 124 "GET /home/banners/ HTTP/1.1" 200 2
INFO 2020-12-04 22:41:54,935 basehttp 124 "GET /admin/home/banner/ HTTP/1.1" 200 25026
INFO 2020-12-04 22:41:55,080 basehttp 124 "GET /static/xadmin/vendor/bootstrap/css/bootstrap.css HTTP/1.1" 304 0
INFO 2020-12-04 22:41:55,086 basehttp 124 "GET /static/xadmin/css/themes/bootstrap-xadmin.css HTTP/1.1" 304 0
INFO 2020-12-04 22:41:55,129 basehttp 124 "GET /static/xadmin/css/xadmin.main.css HTTP/1.1" 304 0
INFO 2020-12-04 22:41:55,130 basehttp 124 "GET /static/xadmin/vendor/font-awesome/css/font-awesome.css HTTP/1.1" 304 0
INFO 2020-12-04 22:41:55,133 basehttp 124 "GET /static/xadmin/css/xadmin.plugins.css HTTP/1.1" 304 0
INFO 2020-12-04 22:41:55,134 basehttp 124 "GET /static/xadmin/css/xadmin.responsive.css HTTP/1.1" 304 0
INFO 2020-12-04 22:41:55,140 basehttp 124 "GET /static/xadmin/css/xadmin.form.css HTTP/1.1" 304 0
INFO 2020-12-04 22:41:55,142 basehttp 124 "GET /static/xadmin/vendor/jquery/jquery.js HTTP/1.1" 304 0
INFO 2020-12-04 22:41:55,148 basehttp 124 "GET /static/xadmin/vendor/jquery-ui/jquery.ui.widget.js HTTP/1.1" 304 0
INFO 2020-12-04 22:41:55,199 basehttp 124 "GET /static/xadmin/vendor/jquery-ui/jquery.ui.mouse.js HTTP/1.1" 304 0
INFO 2020-12-04 22:41:55,202 basehttp 124 "GET /static/xadmin/vendor/jquery-ui/jquery.ui.sortable.js HTTP/1.1" 304 0
INFO 2020-12-04 22:41:55,214 basehttp 124 "GET /static/xadmin/js/xadmin.main.js HTTP/1.1" 304 0
INFO 2020-12-04 22:41:55,215 basehttp 124 "GET /static/xadmin/vendor/bootstrap/js/bootstrap.js HTTP/1.1" 304 0
INFO 2020-12-04 22:41:55,219 basehttp 124 "GET /static/xadmin/vendor/jquery-ui/jquery.ui.effect.js HTTP/1.1" 304 0
INFO 2020-12-04 22:41:55,220 basehttp 124 "GET /static/xadmin/js/xadmin.responsive.js HTTP/1.1" 304 0
INFO 2020-12-04 22:41:55,234 basehttp 124 "GET /static/xadmin/js/xadmin.plugin.themes.js HTTP/1.1" 304 0
INFO 2020-12-04 22:41:55,234 basehttp 124 "GET /static/xadmin/js/xadmin.plugin.bookmark.js HTTP/1.1" 304 0
INFO 2020-12-04 22:41:55,242 basehttp 124 "GET /static/xadmin/vendor/jquery-ui/jquery.ui.core.js HTTP/1.1" 304 0
INFO 2020-12-04 22:41:55,242 basehttp 124 "GET /static/xadmin/js/xadmin.page.form.js HTTP/1.1" 304 0
INFO 2020-12-04 22:41:55,249 basehttp 124 "GET /static/xadmin/js/xadmin.plugin.details.js HTTP/1.1" 304 0
INFO 2020-12-04 22:41:55,250 basehttp 124 "GET /static/xadmin/js/xadmin.plugin.filters.js HTTP/1.1" 304 0
INFO 2020-12-04 22:41:55,263 basehttp 124 "GET /static/xadmin/js/xadmin.page.list.js HTTP/1.1" 304 0
INFO 2020-12-04 22:41:55,328 basehttp 124 "GET /admin/jsi18n/ HTTP/1.1" 200 7684
INFO 2020-12-04 22:41:55,393 basehttp 124 "GET /static/xadmin/vendor/font-awesome/fonts/fontawesome-webfont.woff?v=4.0.3 HTTP/1.1" 304 0
WARNING 2020-12-04 22:41:55,533 base 93 Not Found: /favicon.ico
WARNING 2020-12-04 22:41:55,539 basehttp 124 "GET /favicon.ico HTTP/1.1" 404 2308
INFO 2020-12-04 22:41:57,858 basehttp 124 "GET /admin/home/banner/add/ HTTP/1.1" 200 20559
INFO 2020-12-04 22:41:57,953 basehttp 124 "GET /static/xadmin/vendor/bootstrap-image-gallery/css/bootstrap-image-gallery.css HTTP/1.1" 304 0
INFO 2020-12-04 22:41:57,971 basehttp 124 "GET /static/xadmin/vendor/load-image/load-image.js HTTP/1.1" 304 0
INFO 2020-12-04 22:41:57,981 basehttp 124 "GET /static/xadmin/vendor/bootstrap-image-gallery/js/bootstrap-image-gallery.js HTTP/1.1" 304 0
INFO 2020-12-04 22:41:57,985 basehttp 124 "GET /admin/jsi18n/ HTTP/1.1" 200 7684
INFO 2020-12-04 22:41:57,991 basehttp 124 "GET /static/xadmin/js/xadmin.plugin.portal.js HTTP/1.1" 304 0
INFO 2020-12-04 22:42:40,852 basehttp 124 "POST /admin/home/banner/add/ HTTP/1.1" 302 0
INFO 2020-12-04 22:42:40,989 basehttp 124 "GET /admin/home/banner/add/ HTTP/1.1" 200 20904
INFO 2020-12-04 22:42:41,086 basehttp 124 "GET /admin/jsi18n/ HTTP/1.1" 200 7684
INFO 2020-12-04 22:42:57,315 basehttp 124 "POST /admin/home/banner/add/ HTTP/1.1" 302 0
INFO 2020-12-04 22:42:57,417 basehttp 124 "GET /admin/home/banner/add/ HTTP/1.1" 200 20904
INFO 2020-12-04 22:42:57,495 basehttp 124 "GET /admin/jsi18n/ HTTP/1.1" 200 7684
INFO 2020-12-04 22:43:09,424 basehttp 124 "POST /admin/home/banner/add/ HTTP/1.1" 302 0
INFO 2020-12-04 22:43:09,518 basehttp 124 "GET /admin/home/banner/add/ HTTP/1.1" 200 20904
INFO 2020-12-04 22:43:09,635 basehttp 124 "GET /admin/jsi18n/ HTTP/1.1" 200 7684
INFO 2020-12-04 22:43:14,072 basehttp 124 "GET /admin/home/nav/ HTTP/1.1" 200 36829
INFO 2020-12-04 22:43:14,158 basehttp 124 "GET /admin/jsi18n/ HTTP/1.1" 200 7684
INFO 2020-12-04 22:43:14,163 basehttp 124 "GET /static/xadmin/js/xadmin.plugin.actions.js HTTP/1.1" 304 0
INFO 2020-12-04 22:43:15,922 basehttp 124 "GET /admin/home/banner/ HTTP/1.1" 200 29933
INFO 2020-12-04 22:43:16,001 basehttp 124 "GET /admin/jsi18n/ HTTP/1.1" 200 7684
INFO 2020-12-04 22:43:20,376 basehttp 124 "GET /home/banners/ HTTP/1.1" 200 295
INFO 2020-12-04 22:43:20,432 basehttp 124 "GET /media/banner/02_mRDrV5Q.png HTTP/1.1" 200 364808
INFO 2020-12-04 22:43:20,439 basehttp 124 "GET /media/banner/01_6lT6U1x.png HTTP/1.1" 200 737783
INFO 2020-12-04 22:43:20,441 basehttp 124 "GET /media/banner/03_Bd7pMbe.png HTTP/1.1" 200 745382
ERROR 2020-12-05 14:41:42,069 exception 74 Invalid HTTP_HOST header: '127.0.0.1:8000'. You may need to add '127.0.0.1' to ALLOWED_HOSTS.
WARNING 2020-12-05 14:41:42,745 basehttp 124 "GET / HTTP/1.1" 400 71073
ERROR 2020-12-05 14:41:44,395 exception 74 Invalid HTTP_HOST header: '127.0.0.1:8000'. You may need to add '127.0.0.1' to ALLOWED_HOSTS.
WARNING 2020-12-05 14:41:44,505 basehttp 124 "GET /favicon.ico HTTP/1.1" 400 70986
WARNING 2020-12-05 14:42:10,013 base 93 Not Found: /
WARNING 2020-12-05 14:42:10,015 basehttp 124 "GET / HTTP/1.1" 404 2265
WARNING 2020-12-05 14:42:10,310 base 93 Not Found: /favicon.ico
WARNING 2020-12-05 14:42:10,311 basehttp 124 "GET /favicon.ico HTTP/1.1" 404 2316
INFO 2020-12-05 14:42:17,292 basehttp 124 "GET /admin HTTP/1.1" 301 0
INFO 2020-12-05 14:42:17,410 basehttp 124 "GET /admin/ HTTP/1.1" 200 4362
INFO 2020-12-05 14:42:17,527 basehttp 124 "GET /static/xadmin/vendor/bootstrap/css/bootstrap.css HTTP/1.1" 200 126432
INFO 2020-12-05 14:42:17,536 basehttp 124 "GET /static/xadmin/css/themes/bootstrap-xadmin.css HTTP/1.1" 200 1888
INFO 2020-12-05 14:42:17,550 basehttp 124 "GET /static/xadmin/css/xadmin.plugins.css HTTP/1.1" 200 175
INFO 2020-12-05 14:42:17,553 basehttp 124 "GET /static/xadmin/vendor/font-awesome/css/font-awesome.css HTTP/1.1" 200 21658
INFO 2020-12-05 14:42:17,571 basehttp 124 "GET /static/xadmin/css/xadmin.main.css HTTP/1.1" 200 8376
INFO 2020-12-05 14:42:17,572 basehttp 124 "GET /static/xadmin/css/xadmin.responsive.css HTTP/1.1" 200 4361
INFO 2020-12-05 14:42:17,593 basehttp 124 "GET /admin/jsi18n/ HTTP/1.1" 200 4369
INFO 2020-12-05 14:42:17,596 basehttp 124 "GET /static/xadmin/vendor/jquery/jquery.js HTTP/1.1" 200 240196
INFO 2020-12-05 14:42:17,605 basehttp 124 "GET /static/xadmin/vendor/jquery-ui/jquery.ui.core.js HTTP/1.1" 200 8195
INFO 2020-12-05 14:42:17,625 basehttp 124 "GET /static/xadmin/js/xadmin.responsive.js HTTP/1.1" 200 4165
INFO 2020-12-05 14:42:17,625 basehttp 124 "GET /static/xadmin/vendor/jquery-ui/jquery.ui.widget.js HTTP/1.1" 200 15069
INFO 2020-12-05 14:42:17,629 basehttp 124 "GET /static/xadmin/vendor/jquery-ui/jquery.ui.effect.js HTTP/1.1" 200 31918
INFO 2020-12-05 14:42:17,631 basehttp 124 "GET /static/xadmin/vendor/bootstrap/js/bootstrap.js HTTP/1.1" 200 58327
INFO 2020-12-05 14:42:17,638 basehttp 124 "GET /static/xadmin/js/xadmin.plugin.themes.js HTTP/1.1" 200 3489
INFO 2020-12-05 14:42:17,639 basehttp 124 "GET /static/xadmin/vendor/jquery-ui/jquery.ui.sortable.js HTTP/1.1" 200 42543
INFO 2020-12-05 14:42:17,643 basehttp 124 "GET /static/xadmin/vendor/jquery-ui/jquery.ui.mouse.js HTTP/1.1" 200 4561
INFO 2020-12-05 14:42:17,644 basehttp 124 "GET /static/xadmin/js/xadmin.main.js HTTP/1.1" 200 3401
INFO 2020-12-05 14:42:17,771 basehttp 124 "GET /static/xadmin/vendor/font-awesome/fonts/fontawesome-webfont.woff?v=4.0.3 HTTP/1.1" 200 44432
INFO 2020-12-05 14:42:40,699 basehttp 124 "POST /admin/ HTTP/1.1" 200 4599
INFO 2020-12-05 14:42:40,787 basehttp 124 "GET /admin/jsi18n/ HTTP/1.1" 200 4369
INFO 2020-12-05 14:42:48,894 basehttp 124 "POST /admin/ HTTP/1.1" 302 0
INFO 2020-12-05 14:42:51,749 basehttp 124 "GET /admin/ HTTP/1.1" 200 15498
INFO 2020-12-05 14:42:51,889 basehttp 124 "GET /static/xadmin/css/xadmin.page.dashboard.css HTTP/1.1" 200 790
INFO 2020-12-05 14:42:51,910 basehttp 124 "GET /admin/jsi18n/ HTTP/1.1" 200 7684
INFO 2020-12-05 14:42:51,916 basehttp 124 "GET /static/xadmin/js/xadmin.page.dashboard.js HTTP/1.1" 200 3208
INFO 2020-12-05 14:42:51,927 basehttp 124 "GET /static/xadmin/js/xadmin.plugin.portal.js HTTP/1.1" 200 1000
INFO 2020-12-05 14:43:11,220 basehttp 124 "GET /admin/user/userinfo/ HTTP/1.1" 200 35366
INFO 2020-12-05 14:43:11,322 basehttp 124 "GET /static/xadmin/js/xadmin.plugin.bookmark.js HTTP/1.1" 200 529
INFO 2020-12-05 14:43:11,323 basehttp 124 "GET /static/xadmin/js/xadmin.plugin.actions.js HTTP/1.1" 200 4198
INFO 2020-12-05 14:43:11,323 basehttp 124 "GET /static/xadmin/css/xadmin.form.css HTTP/1.1" 200 3763
INFO 2020-12-05 14:43:11,325 basehttp 124 "GET /static/xadmin/js/xadmin.plugin.filters.js HTTP/1.1" 200 1990
INFO 2020-12-05 14:43:11,356 basehttp 124 "GET /admin/jsi18n/ HTTP/1.1" 200 7684
INFO 2020-12-05 14:43:11,361 basehttp 124 "GET /static/xadmin/js/xadmin.plugin.details.js HTTP/1.1" 200 2319
INFO 2020-12-05 14:43:11,363 basehttp 124 "GET /static/xadmin/js/xadmin.page.list.js HTTP/1.1" 200 1105
INFO 2020-12-05 14:43:11,363 basehttp 124 "GET /static/xadmin/js/xadmin.page.form.js HTTP/1.1" 200 1948
INFO 2020-12-05 14:43:14,243 basehttp 124 "GET /admin/user/userinfo/add/ HTTP/1.1" 200 18626
INFO 2020-12-05 14:43:14,353 basehttp 124 "GET /admin/jsi18n/ HTTP/1.1" 200 7684
INFO 2020-12-05 14:43:26,550 basehttp 124 "POST /admin/user/userinfo/add/ HTTP/1.1" 200 18970
INFO 2020-12-05 14:43:26,628 basehttp 124 "GET /admin/jsi18n/ HTTP/1.1" 200 7684
INFO 2020-12-05 14:43:47,744 basehttp 124 "POST /admin/user/userinfo/add/ HTTP/1.1" 302 0
INFO 2020-12-05 14:43:47,881 basehttp 124 "GET /admin/user/userinfo/ HTTP/1.1" 200 38216
INFO 2020-12-05 14:43:47,976 basehttp 124 "GET /admin/jsi18n/ HTTP/1.1" 200 7684
ERROR 2020-12-05 14:45:20,862 exception 74 Invalid HTTP_HOST header: '127.0.0.1:8000'. You may need to add '127.0.0.1' to ALLOWED_HOSTS.
WARNING 2020-12-05 14:45:21,006 basehttp 124 "POST /api/user/ HTTP/1.1" 400 69540
ERROR 2020-12-05 14:45:43,901 exception 74 Invalid HTTP_HOST header: '127.0.0.1:8000'. You may need to add '127.0.0.1' to ALLOWED_HOSTS.
WARNING 2020-12-05 14:45:43,960 basehttp 124 "POST /api/login/ HTTP/1.1" 400 69551
ERROR 2020-12-05 14:45:57,017 exception 74 Invalid HTTP_HOST header: '127.0.0.1:8000'. You may need to add '127.0.0.1' to ALLOWED_HOSTS.
WARNING 2020-12-05 14:45:57,064 basehttp 124 "GET /api/login/ HTTP/1.1" 400 69544
WARNING 2020-12-05 14:47:56,269 base 93 Not Found: /login/
WARNING 2020-12-05 14:47:56,271 basehttp 124 "POST /login/ HTTP/1.1" 404 2302
WARNING 2020-12-05 14:48:18,893 base 93 Not Found: /login/
WARNING 2020-12-05 14:48:18,894 basehttp 124 "POST /login/ HTTP/1.1" 404 2302
WARNING 2020-12-05 14:48:34,907 basehttp 124 "POST /user/login/ HTTP/1.1" 400 67
INFO 2020-12-05 14:48:58,416 basehttp 124 "POST /user/login/ HTTP/1.1" 200 222
WARNING 2020-12-05 14:50:01,112 basehttp 124 "GET /user/captcha/ HTTP/1.1" 400 32
ERROR 2020-12-05 14:50:14,160 exception 118 Internal Server Error: /user/captcha/
Traceback (most recent call last):
  File "F:\python_pycharm\第二阶段Web\后端\envs\mydjango\lib\site-packages\django\core\handlers\exception.py", line 35, in inner
    response = get_response(request)
  File "F:\python_pycharm\第二阶段Web\后端\envs\mydjango\lib\site-packages\django\core\handlers\base.py", line 128, in _get_response
    response = self.process_exception_by_middleware(e, request)
  File "F:\python_pycharm\第二阶段Web\后端\envs\mydjango\lib\site-packages\django\core\handlers\base.py", line 126, in _get_response
    response = wrapped_callback(request, *callback_args, **callback_kwargs)
  File "F:\python_pycharm\第二阶段Web\后端\envs\mydjango\lib\site-packages\django\views\decorators\csrf.py", line 54, in wrapped_view
    return view_func(*args, **kwargs)
  File "F:\python_pycharm\第二阶段Web\后端\envs\mydjango\lib\site-packages\django\views\generic\base.py", line 69, in view
    return self.dispatch(request, *args, **kwargs)
  File "F:\python_pycharm\第二阶段Web\后端\envs\mydjango\lib\site-packages\rest_framework\views.py", line 497, in dispatch
    response = self.handle_exception(exc)
  File "F:\python_pycharm\第二阶段Web\后端\envs\mydjango\lib\site-packages\rest_framework\views.py", line 457, in handle_exception
    self.raise_uncaught_exception(exc)
  File "F:\python_pycharm\第二阶段Web\后端\envs\mydjango\lib\site-packages\rest_framework\views.py", line 468, in raise_uncaught_exception
    raise exc
  File "F:\python_pycharm\第二阶段Web\后端\envs\mydjango\lib\site-packages\rest_framework\views.py", line 494, in dispatch
    response = handler(request, *args, **kwargs)
  File "F:\python_pycharm\第二阶段Web\second_project\edu_api\edu_api\apps\user\views.py", line 43, in post
    result = gt.success_validate(challenge, validate, seccode, self.user_id)
  File "F:\python_pycharm\第二阶段Web\second_project\edu_api\edu_api\libs\geetest.py", line 99, in success_validate
    if not self._check_para(challenge, validate, seccode):
  File "F:\python_pycharm\第二阶段Web\second_project\edu_api\edu_api\libs\geetest.py", line 154, in _check_para
    return (bool(challenge.strip()) and bool(validate.strip()) and bool(seccode.strip()))
AttributeError: 'NoneType' object has no attribute 'strip'
ERROR 2020-12-05 14:50:14,290 basehttp 124 "POST /user/captcha/ HTTP/1.1" 500 20559
WARNING 2020-12-05 14:50:33,508 basehttp 124 "GET /user/captcha/ HTTP/1.1" 400 32
WARNING 2020-12-05 14:51:09,047 basehttp 124 "GET /user/captcha/ HTTP/1.1" 400 32
WARNING 2020-12-05 15:18:29,744 basehttp 124 "GET /user/captcha/ HTTP/1.1" 400 32
INFO 2020-12-05 15:18:38,885 basehttp 124 "POST /user/login/ HTTP/1.1" 200 250
INFO 2020-12-05 15:19:08,482 basehttp 124 "POST /user/login/ HTTP/1.1" 200 272
INFO 2020-12-05 15:32:01,991 basehttp 124 "GET /home/banners/ HTTP/1.1" 200 295
INFO 2020-12-05 15:32:02,121 basehttp 124 "GET /media/banner/01_6lT6U1x.png HTTP/1.1" 304 0
INFO 2020-12-05 15:32:02,122 basehttp 124 "GET /media/banner/02_mRDrV5Q.png HTTP/1.1" 304 0
INFO 2020-12-05 15:32:02,158 basehttp 124 "GET /media/banner/03_Bd7pMbe.png HTTP/1.1" 304 0
INFO 2020-12-05 15:32:06,228 basehttp 124 "GET /home/banners/ HTTP/1.1" 200 295
INFO 2020-12-05 15:32:22,673 basehttp 124 "GET /user/captcha/?username=zbt HTTP/1.1" 200 140
INFO 2020-12-05 15:32:23,441 basehttp 124 "GET /user/captcha/?username=zbt HTTP/1.1" 200 140
INFO 2020-12-05 15:32:24,352 basehttp 124 "GET /user/captcha/?username=zbt HTTP/1.1" 200 140
INFO 2020-12-05 15:32:24,431 basehttp 124 "GET /user/captcha/?username=zbt HTTP/1.1" 200 140
INFO 2020-12-05 15:32:24,533 basehttp 124 "GET /user/captcha/?username=zbt HTTP/1.1" 200 140
INFO 2020-12-05 15:32:24,614 basehttp 124 "GET /user/captcha/?username=zbt HTTP/1.1" 200 140
INFO 2020-12-05 15:32:44,223 basehttp 124 "GET /user/captcha/?username=zbt HTTP/1.1" 200 140
INFO 2020-12-05 15:32:54,873 basehttp 124 "OPTIONS /user/captcha/ HTTP/1.1" 200 0
INFO 2020-12-05 15:32:54,958 basehttp 124 "POST /user/captcha/ HTTP/1.1" 200 20
INFO 2020-12-05 15:32:54,970 basehttp 124 "OPTIONS /user/login/ HTTP/1.1" 200 0
INFO 2020-12-05 15:32:55,102 basehttp 124 "POST /user/login/ HTTP/1.1" 200 272
INFO 2020-12-05 15:32:55,183 basehttp 124 "GET /home/banners/ HTTP/1.1" 200 295
INFO 2020-12-05 15:36:40,799 basehttp 124 "GET /user/captcha/?username=zbt HTTP/1.1" 200 140
INFO 2020-12-05 15:36:48,288 basehttp 124 "POST /user/captcha/ HTTP/1.1" 200 20
INFO 2020-12-05 15:36:48,426 basehttp 124 "POST /user/login/ HTTP/1.1" 200 272
INFO 2020-12-05 15:36:48,512 basehttp 124 "GET /home/banners/ HTTP/1.1" 200 295
INFO 2020-12-05 15:51:25,081 basehttp 124 "POST /user/login/ HTTP/1.1" 200 272
INFO 2020-12-05 16:04:13,288 basehttp 124 "GET /home/banners/ HTTP/1.1" 200 295
INFO 2020-12-05 16:04:16,227 basehttp 124 "GET /home/banners/ HTTP/1.1" 200 295
WARNING 2020-12-05 16:06:10,627 basehttp 124 "GET /user/login/ HTTP/1.1" 405 45
WARNING 2020-12-05 16:06:14,785 basehttp 124 "GET /user/captcha/ HTTP/1.1" 400 32
WARNING 2020-12-05 16:06:45,464 basehttp 124 "GET /user/captchas/ HTTP/1.1" 400 32
WARNING 2020-12-05 16:07:25,557 basehttp 124 "GET /user/captchas/ HTTP/1.1" 400 32
WARNING 2020-12-05 16:07:32,173 basehttp 124 "GET /user/captchas/ HTTP/1.1" 400 32
ERROR 2020-12-05 16:09:01,604 exception 118 Internal Server Error: /user/captchas/
Traceback (most recent call last):
  File "F:\python_pycharm\第二阶段Web\后端\envs\mydjango\lib\site-packages\django\core\handlers\exception.py", line 35, in inner
    response = get_response(request)
  File "F:\python_pycharm\第二阶段Web\后端\envs\mydjango\lib\site-packages\django\core\handlers\base.py", line 128, in _get_response
    response = self.process_exception_by_middleware(e, request)
  File "F:\python_pycharm\第二阶段Web\后端\envs\mydjango\lib\site-packages\django\core\handlers\base.py", line 126, in _get_response
    response = wrapped_callback(request, *callback_args, **callback_kwargs)
  File "F:\python_pycharm\第二阶段Web\后端\envs\mydjango\lib\site-packages\django\views\decorators\csrf.py", line 54, in wrapped_view
    return view_func(*args, **kwargs)
  File "F:\python_pycharm\第二阶段Web\后端\envs\mydjango\lib\site-packages\django\views\generic\base.py", line 69, in view
    return self.dispatch(request, *args, **kwargs)
  File "F:\python_pycharm\第二阶段Web\后端\envs\mydjango\lib\site-packages\rest_framework\views.py", line 497, in dispatch
    response = self.handle_exception(exc)
  File "F:\python_pycharm\第二阶段Web\后端\envs\mydjango\lib\site-packages\rest_framework\views.py", line 457, in handle_exception
    self.raise_uncaught_exception(exc)
  File "F:\python_pycharm\第二阶段Web\后端\envs\mydjango\lib\site-packages\rest_framework\views.py", line 468, in raise_uncaught_exception
    raise exc
  File "F:\python_pycharm\第二阶段Web\后端\envs\mydjango\lib\site-packages\rest_framework\views.py", line 494, in dispatch
    response = handler(request, *args, **kwargs)
  File "F:\python_pycharm\第二阶段Web\second_project\edu_api\edu_api\apps\user\views.py", line 43, in post
    result = gt.success_validate(challenge, validate, seccode, self.user_id)
  File "F:\python_pycharm\第二阶段Web\second_project\edu_api\edu_api\libs\geetest.py", line 99, in success_validate
    if not self._check_para(challenge, validate, seccode):
  File "F:\python_pycharm\第二阶段Web\second_project\edu_api\edu_api\libs\geetest.py", line 154, in _check_para
    return (bool(challenge.strip()) and bool(validate.strip()) and bool(seccode.strip()))
AttributeError: 'NoneType' object has no attribute 'strip'
ERROR 2020-12-05 16:09:02,377 basehttp 124 "POST /user/captchas/ HTTP/1.1" 500 20553
WARNING 2020-12-05 16:09:09,080 basehttp 124 "POST /user/login/ HTTP/1.1" 400 81
WARNING 2020-12-05 16:09:55,119 basehttp 124 "POST /user/login/ HTTP/1.1" 400 108
INFO 2020-12-05 16:10:04,063 basehttp 124 "POST /user/login/ HTTP/1.1" 200 272
INFO 2020-12-05 16:10:37,050 basehttp 124 "POST /user/login/ HTTP/1.1" 200 272
WARNING 2020-12-05 16:11:03,590 basehttp 124 "GET /user/captchas/ HTTP/1.1" 403 66
WARNING 2020-12-05 16:11:06,809 basehttp 124 "GET /user/captchas/ HTTP/1.1" 403 66
WARNING 2020-12-05 16:11:20,910 basehttp 124 "GET /user/captchas/ HTTP/1.1" 403 80
WARNING 2020-12-05 16:11:53,959 basehttp 124 "GET /user/captchas/ HTTP/1.1" 403 80
WARNING 2020-12-05 16:30:39,275 base 93 Not Found: /user/captchas/
WARNING 2020-12-05 16:30:39,286 basehttp 124 "GET /user/captchas/ HTTP/1.1" 404 2538
INFO 2020-12-05 16:30:50,820 basehttp 124 "POST /user/login/ HTTP/1.1" 200 272
INFO 2020-12-05 16:35:28,029 basehttp 124 "GET /user/captcha/?username= HTTP/1.1" 200 140
WARNING 2020-12-05 16:43:31,913 base 93 Not Found: /user/captchas/
WARNING 2020-12-05 16:43:31,914 basehttp 124 "GET /user/captchas/ HTTP/1.1" 404 2538
WARNING 2020-12-05 16:43:39,985 basehttp 124 "GET /user/captcha/ HTTP/1.1" 400 32
WARNING 2020-12-05 16:43:47,776 basehttp 124 "GET /user/captcha/ HTTP/1.1" 400 32
WARNING 2020-12-05 16:46:05,365 basehttp 124 "GET /user/captcha/ HTTP/1.1" 400 32
WARNING 2020-12-05 16:46:35,565 basehttp 124 "GET /user/captcha/ HTTP/1.1" 400 32
INFO 2020-12-05 16:47:24,406 basehttp 124 "GET /home/banners/ HTTP/1.1" 200 295
WARNING 2020-12-05 16:47:32,121 basehttp 124 "GET /user/captcha/?username=qwewqe HTTP/1.1" 400 32
WARNING 2020-12-05 16:48:24,665 basehttp 124 "GET /user/captcha/?username=qwewqe HTTP/1.1" 400 32
WARNING 2020-12-05 16:48:58,123 basehttp 124 "GET /user/captcha/?username=qwewqe HTTP/1.1" 400 32
INFO 2020-12-05 16:50:00,378 basehttp 124 "GET /user/captcha/?username=zbt HTTP/1.1" 200 140
INFO 2020-12-05 16:50:07,552 basehttp 124 "POST /user/captcha/ HTTP/1.1" 200 20
WARNING 2020-12-05 16:50:07,679 basehttp 124 "POST /user/login/ HTTP/1.1" 400 67
WARNING 2020-12-05 16:50:27,368 basehttp 124 "GET /user/captcha/ HTTP/1.1" 400 32
WARNING 2020-12-05 16:55:33,649 basehttp 124 "GET /user/captcha/ HTTP/1.1" 400 32
WARNING 2020-12-05 16:55:35,615 basehttp 124 "GET /user/captcha/ HTTP/1.1" 400 32
ERROR 2020-12-05 16:55:51,417 exception 74 Invalid HTTP_HOST header: '127.0.0.1:8000'. You may need to add '127.0.0.1' to ALLOWED_HOSTS.
WARNING 2020-12-05 16:55:51,797 basehttp 124 "GET / HTTP/1.1" 400 71061
ERROR 2020-12-05 16:55:52,478 exception 74 Invalid HTTP_HOST header: '127.0.0.1:8000'. You may need to add '127.0.0.1' to ALLOWED_HOSTS.
WARNING 2020-12-05 16:55:52,533 basehttp 124 "GET /favicon.ico HTTP/1.1" 400 70974
WARNING 2020-12-05 16:56:34,227 basehttp 124 "GET /user/captcha/ HTTP/1.1" 400 6932
INFO 2020-12-05 16:56:34,329 basehttp 124 "GET /static/rest_framework/css/bootstrap.min.css HTTP/1.1" 200 121457
INFO 2020-12-05 16:56:34,360 basehttp 124 "GET /static/rest_framework/css/bootstrap-tweaks.css HTTP/1.1" 200 3385
INFO 2020-12-05 16:56:34,362 basehttp 124 "GET /static/rest_framework/css/prettify.css HTTP/1.1" 200 817
INFO 2020-12-05 16:56:34,376 basehttp 124 "GET /static/rest_framework/css/default.css HTTP/1.1" 200 1131
INFO 2020-12-05 16:56:34,392 basehttp 124 "GET /static/rest_framework/js/jquery-3.4.1.min.js HTTP/1.1" 200 88145
INFO 2020-12-05 16:56:34,397 basehttp 124 "GET /static/rest_framework/js/ajax-form.js HTTP/1.1" 200 3597
INFO 2020-12-05 16:56:34,407 basehttp 124 "GET /static/rest_framework/js/bootstrap.min.js HTTP/1.1" 200 37608
INFO 2020-12-05 16:56:34,417 basehttp 124 "GET /static/rest_framework/js/csrf.js HTTP/1.1" 200 1719
INFO 2020-12-05 16:56:34,430 basehttp 124 "GET /static/rest_framework/js/prettify-min.js HTTP/1.1" 200 13632
INFO 2020-12-05 16:56:34,445 basehttp 124 "GET /static/rest_framework/js/default.js HTTP/1.1" 200 1268
INFO 2020-12-05 16:56:34,556 basehttp 124 "GET /static/rest_framework/img/grid.png HTTP/1.1" 200 1458
WARNING 2020-12-05 16:57:25,442 basehttp 124 "GET /user/captcha/ HTTP/1.1" 400 6932
WARNING 2020-12-05 16:57:27,578 basehttp 124 "GET /user/captcha/ HTTP/1.1" 400 6932
INFO 2020-12-05 16:57:55,848 basehttp 124 "GET /home/banners/ HTTP/1.1" 200 295
INFO 2020-12-05 16:57:55,848 basehttp 124 "GET /home/naves/ HTTP/1.1" 200 276
INFO 2020-12-05 16:57:55,866 basehttp 124 "GET /home/navs/ HTTP/1.1" 200 338
INFO 2020-12-05 16:59:12,062 basehttp 124 "GET /user/captcha/?username=zbt HTTP/1.1" 200 140
INFO 2020-12-05 16:59:18,948 basehttp 124 "OPTIONS /user/captcha/ HTTP/1.1" 200 0
INFO 2020-12-05 16:59:19,144 basehttp 124 "POST /user/captcha/ HTTP/1.1" 200 20
INFO 2020-12-05 16:59:19,157 basehttp 124 "OPTIONS /user/login/ HTTP/1.1" 200 0
INFO 2020-12-05 16:59:19,391 basehttp 124 "POST /user/login/ HTTP/1.1" 200 272
INFO 2020-12-05 16:59:19,559 basehttp 124 "GET /home/navs/ HTTP/1.1" 200 338
INFO 2020-12-05 16:59:19,645 basehttp 124 "GET /home/banners/ HTTP/1.1" 200 295
INFO 2020-12-05 16:59:19,651 basehttp 124 "GET /home/naves/ HTTP/1.1" 200 276
INFO 2020-12-05 17:01:06,800 basehttp 124 "GET /home/navs/ HTTP/1.1" 200 338
INFO 2020-12-05 17:03:19,924 basehttp 124 "GET /home/navs/ HTTP/1.1" 200 338
INFO 2020-12-05 17:04:46,477 basehttp 124 "GET /home/navs/ HTTP/1.1" 200 338
INFO 2020-12-05 17:04:46,493 basehttp 124 "GET /home/navs/ HTTP/1.1" 200 338
INFO 2020-12-05 17:04:46,511 basehttp 124 "GET /home/navs/ HTTP/1.1" 200 338
INFO 2020-12-05 17:05:35,505 basehttp 124 "GET /home/navs/ HTTP/1.1" 200 338
INFO 2020-12-05 17:05:42,477 basehttp 124 "GET /home/navs/ HTTP/1.1" 200 338
INFO 2020-12-05 17:05:51,051 basehttp 124 "GET /home/navs/ HTTP/1.1" 200 338
INFO 2020-12-05 17:05:51,059 basehttp 124 "GET /home/banners/ HTTP/1.1" 200 295
INFO 2020-12-05 17:05:51,063 basehttp 124 "GET /home/naves/ HTTP/1.1" 200 276
INFO 2020-12-05 17:06:03,797 basehttp 124 "GET /user/captcha/?username=zbt HTTP/1.1" 200 140
INFO 2020-12-05 17:06:10,135 basehttp 124 "POST /user/captcha/ HTTP/1.1" 200 20
INFO 2020-12-05 17:06:10,277 basehttp 124 "POST /user/login/ HTTP/1.1" 200 272
INFO 2020-12-05 17:06:10,382 basehttp 124 "GET /home/navs/ HTTP/1.1" 200 338
INFO 2020-12-05 17:06:10,386 basehttp 124 "GET /home/banners/ HTTP/1.1" 200 295
INFO 2020-12-05 17:06:10,392 basehttp 124 "GET /home/naves/ HTTP/1.1" 200 276
WARNING 2020-12-05 17:08:34,882 basehttp 124 "GET /user/captcha/ HTTP/1.1" 400 32
INFO 2020-12-05 17:26:32,052 basehttp 124 "GET /user/captcha/ HTTP/1.1" 200 140
INFO 2020-12-05 17:27:10,615 basehttp 124 "GET /home/navs/ HTTP/1.1" 200 338
INFO 2020-12-05 17:27:10,616 basehttp 124 "GET /home/banners/ HTTP/1.1" 200 295
INFO 2020-12-05 17:27:10,619 basehttp 124 "GET /home/naves/ HTTP/1.1" 200 276
INFO 2020-12-05 17:27:10,757 basehttp 124 "GET /media/banner/03_Bd7pMbe.png HTTP/1.1" 304 0
INFO 2020-12-05 17:27:10,763 basehttp 124 "GET /media/banner/02_mRDrV5Q.png HTTP/1.1" 304 0
INFO 2020-12-05 17:27:10,764 basehttp 124 "GET /media/banner/01_6lT6U1x.png HTTP/1.1" 304 0
WARNING 2020-12-05 17:27:22,683 basehttp 124 "GET /user/captcha/?username=zbt HTTP/1.1" 400 32
WARNING 2020-12-05 17:27:29,341 basehttp 124 "GET /user/captcha/?username=zbt HTTP/1.1" 400 32
WARNING 2020-12-05 17:27:29,712 basehttp 124 "GET /user/captcha/?username=zbt HTTP/1.1" 400 32
WARNING 2020-12-05 17:27:29,865 basehttp 124 "GET /user/captcha/?username=zbt HTTP/1.1" 400 32
WARNING 2020-12-05 17:27:30,033 basehttp 124 "GET /user/captcha/?username=zbt HTTP/1.1" 400 32
INFO 2020-12-05 17:29:24,465 basehttp 124 "GET /home/navs/ HTTP/1.1" 200 338
INFO 2020-12-05 17:29:24,471 basehttp 124 "GET /home/banners/ HTTP/1.1" 200 295
INFO 2020-12-05 17:29:24,481 basehttp 124 "GET /home/naves/ HTTP/1.1" 200 276
WARNING 2020-12-05 17:29:27,512 basehttp 124 "GET /user/captcha/?username= HTTP/1.1" 400 32
WARNING 2020-12-05 17:29:46,843 basehttp 124 "GET /user/captcha/?username=zbt HTTP/1.1" 400 32
INFO 2020-12-05 17:30:19,619 basehttp 124 "GET /user/captcha/?username=zbt HTTP/1.1" 200 140
INFO 2020-12-05 17:30:26,501 basehttp 124 "OPTIONS /user/captcha/ HTTP/1.1" 200 0
INFO 2020-12-05 17:30:26,608 basehttp 124 "POST /user/captcha/ HTTP/1.1" 200 20
INFO 2020-12-05 17:30:26,626 basehttp 124 "OPTIONS /user/login/ HTTP/1.1" 200 0
INFO 2020-12-05 17:30:26,804 basehttp 124 "POST /user/login/ HTTP/1.1" 200 272
INFO 2020-12-05 17:30:27,119 basehttp 124 "GET /home/banners/ HTTP/1.1" 200 295
INFO 2020-12-05 17:30:27,127 basehttp 124 "GET /home/navs/ HTTP/1.1" 200 338
INFO 2020-12-05 17:30:27,132 basehttp 124 "GET /home/naves/ HTTP/1.1" 200 276
INFO 2020-12-05 17:42:44,927 basehttp 124 "GET /home/navs/ HTTP/1.1" 200 338
INFO 2020-12-05 17:42:44,934 basehttp 124 "GET /home/banners/ HTTP/1.1" 200 295
INFO 2020-12-05 17:42:44,934 basehttp 124 "GET /home/naves/ HTTP/1.1" 200 276
INFO 2020-12-05 17:43:47,283 basehttp 124 "GET /home/navs/ HTTP/1.1" 200 338
INFO 2020-12-05 17:43:47,292 basehttp 124 "GET /home/banners/ HTTP/1.1" 200 295
INFO 2020-12-05 17:43:47,296 basehttp 124 "GET /home/naves/ HTTP/1.1" 200 276
INFO 2020-12-05 17:45:47,187 basehttp 124 "GET /home/navs/ HTTP/1.1" 200 338
INFO 2020-12-05 17:45:47,187 basehttp 124 "GET /home/banners/ HTTP/1.1" 200 295
INFO 2020-12-05 17:45:47,191 basehttp 124 "GET /home/naves/ HTTP/1.1" 200 276
INFO 2020-12-05 17:46:29,849 basehttp 124 "GET /home/navs/ HTTP/1.1" 200 338
INFO 2020-12-05 17:46:29,855 basehttp 124 "GET /home/banners/ HTTP/1.1" 200 295
INFO 2020-12-05 17:46:29,857 basehttp 124 "GET /home/naves/ HTTP/1.1" 200 276
INFO 2020-12-05 17:49:36,619 basehttp 124 "GET /user/captcha/?username= HTTP/1.1" 200 140
INFO 2020-12-05 17:49:42,117 basehttp 124 "GET /user/captcha/?username= HTTP/1.1" 200 140
INFO 2020-12-05 17:49:47,901 basehttp 124 "POST /user/captcha/ HTTP/1.1" 200 20
WARNING 2020-12-05 17:49:47,945 basehttp 124 "POST /user/login/ HTTP/1.1" 400 81
INFO 2020-12-05 17:49:57,999 basehttp 124 "GET /home/navs/ HTTP/1.1" 200 338
INFO 2020-12-05 17:49:58,004 basehttp 124 "GET /home/banners/ HTTP/1.1" 200 295
INFO 2020-12-05 17:49:58,019 basehttp 124 "GET /home/naves/ HTTP/1.1" 200 276
WARNING 2020-12-06 09:59:42,980 basehttp 124 "GET /user/captcha/ HTTP/1.1" 400 32
INFO 2020-12-06 09:59:51,688 basehttp 124 "POST /user/login/ HTTP/1.1" 200 272
INFO 2020-12-06 10:00:39,762 basehttp 124 "POST /user/login/ HTTP/1.1" 200 272
INFO 2020-12-06 10:00:41,469 basehttp 124 "POST /user/login/ HTTP/1.1" 200 272
INFO 2020-12-06 10:00:55,570 basehttp 124 "POST /user/login/ HTTP/1.1" 200 272
INFO 2020-12-06 10:00:57,330 basehttp 124 "POST /user/login/ HTTP/1.1" 200 272
INFO 2020-12-06 10:01:01,396 basehttp 124 "POST /user/login/ HTTP/1.1" 200 272
INFO 2020-12-06 10:01:03,875 basehttp 124 "POST /user/login/ HTTP/1.1" 200 272
INFO 2020-12-06 10:04:02,337 basehttp 124 "POST /user/login/ HTTP/1.1" 200 272
INFO 2020-12-06 10:04:10,963 basehttp 124 "POST /user/login/ HTTP/1.1" 200 272
WARNING 2020-12-06 10:04:34,223 basehttp 124 "GET /user/captcha/ HTTP/1.1" 400 32
WARNING 2020-12-06 10:04:38,463 basehttp 124 "GET /user/captcha/ HTTP/1.1" 400 32
INFO 2020-12-06 11:10:26,193 basehttp 124 "GET /home/banners/ HTTP/1.1" 200 295
INFO 2020-12-06 11:10:26,194 basehttp 124 "GET /home/navs/ HTTP/1.1" 200 338
INFO 2020-12-06 11:10:26,197 basehttp 124 "GET /home/naves/ HTTP/1.1" 200 276
INFO 2020-12-06 11:10:26,233 basehttp 124 "GET /media/banner/02_mRDrV5Q.png HTTP/1.1" 304 0
INFO 2020-12-06 11:10:26,234 basehttp 124 "GET /media/banner/03_Bd7pMbe.png HTTP/1.1" 304 0
INFO 2020-12-06 11:10:26,234 basehttp 124 "GET /media/banner/01_6lT6U1x.png HTTP/1.1" 304 0
INFO 2020-12-06 11:13:06,696 basehttp 124 "GET /user/captcha/?username=zbt HTTP/1.1" 200 140
INFO 2020-12-06 11:13:18,018 basehttp 124 "OPTIONS /user/captcha/ HTTP/1.1" 200 0
INFO 2020-12-06 11:13:18,181 basehttp 124 "POST /user/captcha/ HTTP/1.1" 200 20
INFO 2020-12-06 11:13:18,200 basehttp 124 "OPTIONS /user/login/ HTTP/1.1" 200 0
INFO 2020-12-06 11:13:18,382 basehttp 124 "POST /user/login/ HTTP/1.1" 200 222
INFO 2020-12-06 11:13:18,465 basehttp 124 "GET /home/navs/ HTTP/1.1" 200 338
INFO 2020-12-06 11:13:18,478 basehttp 124 "GET /home/banners/ HTTP/1.1" 200 295
INFO 2020-12-06 11:13:18,493 basehttp 124 "GET /home/naves/ HTTP/1.1" 200 276
INFO 2020-12-06 11:14:07,333 basehttp 124 "GET /user/captcha/?username=zbt HTTP/1.1" 200 140
INFO 2020-12-06 11:14:13,778 basehttp 124 "POST /user/captcha/ HTTP/1.1" 200 20
INFO 2020-12-06 11:14:13,901 basehttp 124 "POST /user/login/ HTTP/1.1" 200 222
INFO 2020-12-06 11:14:13,983 basehttp 124 "GET /home/navs/ HTTP/1.1" 200 338
INFO 2020-12-06 11:14:14,013 basehttp 124 "GET /home/banners/ HTTP/1.1" 200 295
INFO 2020-12-06 11:14:14,019 basehttp 124 "GET /home/naves/ HTTP/1.1" 200 276
INFO 2020-12-06 11:15:05,738 basehttp 124 "GET /user/captcha/?username=zbt HTTP/1.1" 200 140
INFO 2020-12-06 11:15:11,315 basehttp 124 "POST /user/captcha/ HTTP/1.1" 200 20
INFO 2020-12-06 11:15:11,469 basehttp 124 "POST /user/login/ HTTP/1.1" 200 222
INFO 2020-12-06 11:15:11,591 basehttp 124 "GET /home/navs/ HTTP/1.1" 200 338
INFO 2020-12-06 11:15:11,594 basehttp 124 "GET /home/banners/ HTTP/1.1" 200 295
INFO 2020-12-06 11:15:11,632 basehttp 124 "GET /home/naves/ HTTP/1.1" 200 276
INFO 2020-12-06 11:15:35,258 basehttp 124 "GET /home/navs/ HTTP/1.1" 200 338
INFO 2020-12-06 11:15:35,264 basehttp 124 "GET /home/banners/ HTTP/1.1" 200 295
INFO 2020-12-06 11:15:35,274 basehttp 124 "GET /home/naves/ HTTP/1.1" 200 276
INFO 2020-12-06 11:19:03,505 basehttp 124 "GET /user/captcha/?username=zbt HTTP/1.1" 200 140
INFO 2020-12-06 11:19:14,447 basehttp 124 "POST /user/captcha/ HTTP/1.1" 200 20
INFO 2020-12-06 11:19:14,617 basehttp 124 "POST /user/login/ HTTP/1.1" 200 222
INFO 2020-12-06 11:19:14,738 basehttp 124 "GET /home/navs/ HTTP/1.1" 200 338
INFO 2020-12-06 11:19:14,758 basehttp 124 "GET /home/banners/ HTTP/1.1" 200 295
INFO 2020-12-06 11:19:14,766 basehttp 124 "GET /home/naves/ HTTP/1.1" 200 276
ERROR 2020-12-06 11:19:14,789 basehttp 124 "GET /home/banners/ HTTP/1.1" 500 59
ERROR 2020-12-06 11:19:14,790 basehttp 124 "GET /home/naves/ HTTP/1.1" 500 59
INFO 2020-12-06 11:19:21,369 basehttp 124 "GET /home/banners/ HTTP/1.1" 200 295
INFO 2020-12-06 11:19:21,375 basehttp 124 "GET /home/navs/ HTTP/1.1" 200 338
INFO 2020-12-06 11:19:21,379 basehttp 124 "GET /home/naves/ HTTP/1.1" 200 276
INFO 2020-12-06 11:24:05,010 basehttp 124 "GET /home/navs/ HTTP/1.1" 200 338
INFO 2020-12-06 11:24:05,020 basehttp 124 "GET /home/naves/ HTTP/1.1" 200 276
INFO 2020-12-06 11:24:05,024 basehttp 124 "GET /home/banners/ HTTP/1.1" 200 295
INFO 2020-12-06 11:24:20,844 basehttp 124 "GET /user/captcha/?username=15566668888 HTTP/1.1" 200 140
INFO 2020-12-06 11:24:27,523 basehttp 124 "POST /user/captcha/ HTTP/1.1" 200 20
INFO 2020-12-06 11:24:27,670 basehttp 124 "POST /user/login/ HTTP/1.1" 200 222
INFO 2020-12-06 11:24:27,780 basehttp 124 "GET /home/navs/ HTTP/1.1" 200 338
ERROR 2020-12-06 11:24:27,782 basehttp 124 "GET /home/navs/ HTTP/1.1" 500 59
INFO 2020-12-06 11:24:27,812 basehttp 124 "GET /home/banners/ HTTP/1.1" 200 295
INFO 2020-12-06 11:24:27,819 basehttp 124 "GET /home/naves/ HTTP/1.1" 200 276
ERROR 2020-12-06 11:24:27,822 basehttp 124 "GET /home/banners/ HTTP/1.1" 500 59
ERROR 2020-12-06 11:24:27,824 basehttp 124 "GET /home/naves/ HTTP/1.1" 500 59
INFO 2020-12-06 11:24:28,381 basehttp 124 "GET /home/navs/ HTTP/1.1" 200 338
INFO 2020-12-06 11:24:28,391 basehttp 124 "GET /home/banners/ HTTP/1.1" 200 295
INFO 2020-12-06 11:24:28,398 basehttp 124 "GET /home/naves/ HTTP/1.1" 200 276
INFO 2020-12-06 11:25:41,640 basehttp 124 "GET /user/captcha/?username=zbt HTTP/1.1" 200 140
INFO 2020-12-06 11:25:47,307 basehttp 124 "POST /user/captcha/ HTTP/1.1" 200 20
INFO 2020-12-06 11:25:47,440 basehttp 124 "POST /user/login/ HTTP/1.1" 200 222
INFO 2020-12-06 11:25:47,986 basehttp 124 "GET /home/navs/ HTTP/1.1" 200 338
INFO 2020-12-06 11:25:47,994 basehttp 124 "GET /home/naves/ HTTP/1.1" 200 276
INFO 2020-12-06 11:25:47,996 basehttp 124 "GET /home/banners/ HTTP/1.1" 200 295
INFO 2020-12-06 11:26:13,283 basehttp 124 "GET /user/captcha/?username=zbt HTTP/1.1" 200 140
INFO 2020-12-06 11:26:20,729 basehttp 124 "POST /user/captcha/ HTTP/1.1" 200 20
INFO 2020-12-06 11:26:20,849 basehttp 124 "POST /user/login/ HTTP/1.1" 200 222
INFO 2020-12-06 11:26:21,626 basehttp 124 "GET /home/navs/ HTTP/1.1" 200 338
INFO 2020-12-06 11:26:21,631 basehttp 124 "GET /home/banners/ HTTP/1.1" 200 295
INFO 2020-12-06 11:26:21,641 basehttp 124 "GET /home/naves/ HTTP/1.1" 200 276
INFO 2020-12-06 11:26:58,511 basehttp 124 "GET /user/captcha/?username=zbt HTTP/1.1" 200 140
INFO 2020-12-06 11:27:07,156 basehttp 124 "POST /user/captcha/ HTTP/1.1" 200 20
INFO 2020-12-06 11:27:07,277 basehttp 124 "POST /user/login/ HTTP/1.1" 200 222
INFO 2020-12-06 11:27:19,770 basehttp 124 "GET /user/captcha/?username=15566668888 HTTP/1.1" 200 140
INFO 2020-12-06 11:27:25,087 basehttp 124 "POST /user/captcha/ HTTP/1.1" 200 20
INFO 2020-12-06 11:27:25,212 basehttp 124 "POST /user/login/ HTTP/1.1" 200 222
INFO 2020-12-06 11:28:03,912 basehttp 124 "GET /user/captcha/?username=15566668888 HTTP/1.1" 200 140
INFO 2020-12-06 11:28:16,471 basehttp 124 "GET /user/captcha/?username=zbt HTTP/1.1" 200 140
INFO 2020-12-06 11:28:16,506 basehttp 124 "POST /user/captcha/ HTTP/1.1" 200 20
INFO 2020-12-06 11:28:16,669 basehttp 124 "POST /user/login/ HTTP/1.1" 200 222
INFO 2020-12-06 11:28:19,478 basehttp 124 "GET /user/captcha/?username=zbt HTTP/1.1" 200 140
INFO 2020-12-06 11:28:21,101 basehttp 124 "GET /user/captcha/?username=zbt HTTP/1.1" 200 140
INFO 2020-12-06 11:28:45,438 basehttp 124 "GET /user/captcha/?username=zbt HTTP/1.1" 200 140
INFO 2020-12-06 11:28:51,138 basehttp 124 "POST /user/captcha/ HTTP/1.1" 200 20
INFO 2020-12-06 11:28:51,253 basehttp 124 "POST /user/login/ HTTP/1.1" 200 222
INFO 2020-12-06 11:33:18,752 basehttp 124 "GET /user/captcha/?username=zbt HTTP/1.1" 200 140
INFO 2020-12-06 11:33:28,757 basehttp 124 "GET /user/captcha/?username=zbt HTTP/1.1" 200 140
INFO 2020-12-06 11:33:28,762 basehttp 124 "POST /user/captcha/ HTTP/1.1" 200 20
INFO 2020-12-06 11:33:29,064 basehttp 124 "POST /user/login/ HTTP/1.1" 200 222
INFO 2020-12-06 11:34:24,446 basehttp 124 "GET /user/captcha/?username=zbt HTTP/1.1" 200 140
INFO 2020-12-06 11:34:30,705 basehttp 124 "POST /user/captcha/ HTTP/1.1" 200 20
INFO 2020-12-06 11:34:30,845 basehttp 124 "POST /user/login/ HTTP/1.1" 200 222
INFO 2020-12-06 11:35:22,077 basehttp 124 "GET /home/navs/ HTTP/1.1" 200 338
INFO 2020-12-06 11:35:22,143 basehttp 124 "GET /home/banners/ HTTP/1.1" 200 295
INFO 2020-12-06 11:35:22,152 basehttp 124 "GET /home/naves/ HTTP/1.1" 200 276
INFO 2020-12-06 11:35:39,815 basehttp 124 "GET /home/navs/ HTTP/1.1" 200 338
INFO 2020-12-06 11:35:39,816 basehttp 124 "GET /home/banners/ HTTP/1.1" 200 295
INFO 2020-12-06 11:35:39,817 basehttp 124 "GET /home/naves/ HTTP/1.1" 200 276
INFO 2020-12-06 11:36:03,646 basehttp 124 "GET /user/captcha/?username=zbt HTTP/1.1" 200 140
INFO 2020-12-06 11:36:10,146 basehttp 124 "OPTIONS /user/captcha/ HTTP/1.1" 200 0
INFO 2020-12-06 11:36:10,302 basehttp 124 "POST /user/captcha/ HTTP/1.1" 200 20
INFO 2020-12-06 11:36:10,340 basehttp 124 "OPTIONS /user/login/ HTTP/1.1" 200 0
WARNING 2020-12-06 11:36:10,463 basehttp 124 "POST /user/login/ HTTP/1.1" 400 67
INFO 2020-12-06 11:36:17,157 basehttp 124 "GET /user/captcha/?username=zbt HTTP/1.1" 200 140
INFO 2020-12-06 11:36:22,736 basehttp 124 "POST /user/captcha/ HTTP/1.1" 200 20
INFO 2020-12-06 11:36:22,900 basehttp 124 "POST /user/login/ HTTP/1.1" 200 222
INFO 2020-12-06 11:36:31,886 basehttp 124 "GET /user/captcha/?username=admin HTTP/1.1" 200 140
INFO 2020-12-06 11:36:37,005 basehttp 124 "POST /user/captcha/ HTTP/1.1" 200 20
WARNING 2020-12-06 11:36:37,123 basehttp 124 "POST /user/login/ HTTP/1.1" 400 67
INFO 2020-12-06 11:38:11,245 basehttp 124 "GET /user/captcha/?username=zbt HTTP/1.1" 200 140
INFO 2020-12-06 11:38:18,623 basehttp 124 "POST /user/captcha/ HTTP/1.1" 200 20
INFO 2020-12-06 11:38:18,750 basehttp 124 "POST /user/login/ HTTP/1.1" 200 222
INFO 2020-12-06 11:38:31,738 basehttp 124 "GET /user/captcha/?username= HTTP/1.1" 200 140
INFO 2020-12-06 11:38:31,899 basehttp 124 "GET /user/captcha/?username= HTTP/1.1" 200 140
INFO 2020-12-06 11:38:32,260 basehttp 124 "GET /user/captcha/?username= HTTP/1.1" 200 140
INFO 2020-12-06 11:38:32,413 basehttp 124 "GET /user/captcha/?username= HTTP/1.1" 200 140
INFO 2020-12-06 11:38:32,571 basehttp 124 "GET /user/captcha/?username= HTTP/1.1" 200 140
INFO 2020-12-06 11:38:32,722 basehttp 124 "GET /user/captcha/?username= HTTP/1.1" 200 140
INFO 2020-12-06 11:38:32,873 basehttp 124 "GET /user/captcha/?username= HTTP/1.1" 200 140
INFO 2020-12-06 11:38:33,035 basehttp 124 "GET /user/captcha/?username= HTTP/1.1" 200 140
INFO 2020-12-06 11:38:33,183 basehttp 124 "GET /user/captcha/?username= HTTP/1.1" 200 140
INFO 2020-12-06 11:38:39,618 basehttp 124 "GET /user/captcha/?username= HTTP/1.1" 200 140
INFO 2020-12-06 11:38:41,516 basehttp 124 "GET /user/captcha/?username= HTTP/1.1" 200 140
INFO 2020-12-06 11:38:41,680 basehttp 124 "GET /user/captcha/?username= HTTP/1.1" 200 140
INFO 2020-12-06 11:38:43,057 basehttp 124 "GET /user/captcha/?username= HTTP/1.1" 200 140
INFO 2020-12-06 11:38:43,252 basehttp 124 "GET /user/captcha/?username= HTTP/1.1" 200 140
INFO 2020-12-06 11:38:44,215 basehttp 124 "GET /user/captcha/?username= HTTP/1.1" 200 140
INFO 2020-12-06 11:38:44,430 basehttp 124 "GET /user/captcha/?username= HTTP/1.1" 200 140
INFO 2020-12-06 11:38:45,857 basehttp 124 "GET /user/captcha/?username= HTTP/1.1" 200 140
INFO 2020-12-06 11:38:46,023 basehttp 124 "GET /user/captcha/?username= HTTP/1.1" 200 140
INFO 2020-12-06 11:38:46,184 basehttp 124 "GET /user/captcha/?username= HTTP/1.1" 200 140
INFO 2020-12-06 11:38:46,338 basehttp 124 "GET /user/captcha/?username= HTTP/1.1" 200 140
INFO 2020-12-06 11:38:46,487 basehttp 124 "GET /user/captcha/?username= HTTP/1.1" 200 140
INFO 2020-12-06 11:39:06,315 basehttp 124 "GET /user/captcha/?username=zbt HTTP/1.1" 200 140
INFO 2020-12-06 11:39:16,107 basehttp 124 "POST /user/captcha/ HTTP/1.1" 200 20
INFO 2020-12-06 11:39:16,277 basehttp 124 "POST /user/login/ HTTP/1.1" 200 222
INFO 2020-12-06 11:40:13,673 basehttp 124 "GET /user/captcha/?username=zbt HTTP/1.1" 200 140
INFO 2020-12-06 11:40:23,436 basehttp 124 "GET /user/captcha/?username=zbt HTTP/1.1" 200 140
INFO 2020-12-06 11:40:31,443 basehttp 124 "POST /user/captcha/ HTTP/1.1" 200 20
INFO 2020-12-06 11:40:31,572 basehttp 124 "POST /user/login/ HTTP/1.1" 200 222
INFO 2020-12-06 11:40:35,790 basehttp 124 "GET /home/navs/ HTTP/1.1" 200 338
INFO 2020-12-06 11:40:35,797 basehttp 124 "GET /home/banners/ HTTP/1.1" 200 295
INFO 2020-12-06 11:40:35,802 basehttp 124 "GET /home/naves/ HTTP/1.1" 200 276
WARNING 2020-12-06 13:58:56,039 basehttp 124 "GET /user/captcha/ HTTP/1.1" 400 32
INFO 2020-12-06 13:59:02,490 basehttp 124 "POST /user/login/ HTTP/1.1" 200 222
INFO 2020-12-06 13:59:12,150 basehttp 124 "POST /user/login/ HTTP/1.1" 200 222
INFO 2020-12-06 14:00:36,770 basehttp 124 "POST /user/login/ HTTP/1.1" 200 272
WARNING 2020-12-06 14:01:28,213 basehttp 124 "GET /user/captcha/ HTTP/1.1" 400 32
INFO 2020-12-06 14:01:41,253 basehttp 124 "POST /user/login/ HTTP/1.1" 200 222
INFO 2020-12-06 14:03:16,292 basehttp 124 "GET /home/navs/ HTTP/1.1" 200 338
INFO 2020-12-06 14:03:16,298 basehttp 124 "GET /home/banners/ HTTP/1.1" 200 295
INFO 2020-12-06 14:03:16,338 basehttp 124 "GET /home/naves/ HTTP/1.1" 200 276
INFO 2020-12-06 14:03:27,899 basehttp 124 "GET /user/captcha/?username=zbt HTTP/1.1" 200 140
INFO 2020-12-06 14:03:33,508 basehttp 124 "OPTIONS /user/captcha/ HTTP/1.1" 200 0
INFO 2020-12-06 14:03:33,671 basehttp 124 "POST /user/captcha/ HTTP/1.1" 200 20
INFO 2020-12-06 14:03:33,681 basehttp 124 "OPTIONS /user/login/ HTTP/1.1" 200 0
INFO 2020-12-06 14:03:33,806 basehttp 124 "POST /user/login/ HTTP/1.1" 200 222
INFO 2020-12-06 14:03:50,366 basehttp 124 "POST /user/login/ HTTP/1.1" 200 222
INFO 2020-12-06 14:03:57,051 basehttp 124 "POST /user/login/ HTTP/1.1" 200 222
INFO 2020-12-06 14:04:44,732 basehttp 124 "GET /user/captcha/?username=zbt HTTP/1.1" 200 140
INFO 2020-12-06 14:04:50,653 basehttp 124 "POST /user/captcha/ HTTP/1.1" 200 20
INFO 2020-12-06 14:04:50,781 basehttp 124 "POST /user/login/ HTTP/1.1" 200 222
INFO 2020-12-06 14:05:52,946 basehttp 124 "GET /user/captcha/?username=zbt HTTP/1.1" 200 140
INFO 2020-12-06 14:05:59,081 basehttp 124 "POST /user/captcha/ HTTP/1.1" 200 20
INFO 2020-12-06 14:05:59,200 basehttp 124 "POST /user/login/ HTTP/1.1" 200 222
INFO 2020-12-06 14:07:05,714 basehttp 124 "GET /user/captcha/?username=zbt HTTP/1.1" 200 140
INFO 2020-12-06 14:07:13,117 basehttp 124 "POST /user/captcha/ HTTP/1.1" 200 20
INFO 2020-12-06 14:07:13,249 basehttp 124 "POST /user/login/ HTTP/1.1" 200 222
INFO 2020-12-06 14:07:13,360 basehttp 124 "GET /home/navs/ HTTP/1.1" 200 338
INFO 2020-12-06 14:07:13,367 basehttp 124 "GET /home/banners/ HTTP/1.1" 200 295
INFO 2020-12-06 14:07:13,370 basehttp 124 "GET /home/naves/ HTTP/1.1" 200 276
INFO 2020-12-06 14:09:01,277 basehttp 124 "GET /user/captcha/?username=zbt HTTP/1.1" 200 140
INFO 2020-12-06 14:09:07,081 basehttp 124 "POST /user/captcha/ HTTP/1.1" 200 20
INFO 2020-12-06 14:09:07,217 basehttp 124 "POST /user/login/ HTTP/1.1" 200 222
INFO 2020-12-06 14:09:07,313 basehttp 124 "GET /home/navs/ HTTP/1.1" 200 338
INFO 2020-12-06 14:09:07,344 basehttp 124 "GET /home/banners/ HTTP/1.1" 200 295
INFO 2020-12-06 14:09:07,351 basehttp 124 "GET /home/naves/ HTTP/1.1" 200 276
INFO 2020-12-06 14:11:09,768 basehttp 124 "GET /user/captcha/?username=zbt HTTP/1.1" 200 140
INFO 2020-12-06 14:11:16,142 basehttp 124 "POST /user/captcha/ HTTP/1.1" 200 20
INFO 2020-12-06 14:11:16,316 basehttp 124 "POST /user/login/ HTTP/1.1" 200 222
INFO 2020-12-06 14:11:16,402 basehttp 124 "GET /home/navs/ HTTP/1.1" 200 338
INFO 2020-12-06 14:11:16,427 basehttp 124 "GET /home/banners/ HTTP/1.1" 200 295
INFO 2020-12-06 14:11:16,431 basehttp 124 "GET /home/naves/ HTTP/1.1" 200 276
INFO 2020-12-06 14:11:34,618 basehttp 124 "GET /home/navs/ HTTP/1.1" 200 338
INFO 2020-12-06 14:11:34,647 basehttp 124 "GET /home/banners/ HTTP/1.1" 200 295
INFO 2020-12-06 14:11:34,668 basehttp 124 "GET /home/naves/ HTTP/1.1" 200 276
INFO 2020-12-06 14:11:39,740 basehttp 124 "GET /home/navs/ HTTP/1.1" 200 338
INFO 2020-12-06 14:11:39,746 basehttp 124 "GET /home/banners/ HTTP/1.1" 200 295
INFO 2020-12-06 14:11:39,749 basehttp 124 "GET /home/naves/ HTTP/1.1" 200 276
INFO 2020-12-06 14:14:28,147 basehttp 124 "GET /home/navs/ HTTP/1.1" 200 338
INFO 2020-12-06 14:15:28,004 basehttp 124 "GET /home/navs/ HTTP/1.1" 200 338
INFO 2020-12-06 14:15:32,873 basehttp 124 "GET /home/navs/ HTTP/1.1" 200 338
INFO 2020-12-06 14:15:32,879 basehttp 124 "GET /home/banners/ HTTP/1.1" 200 295
INFO 2020-12-06 14:15:32,883 basehttp 124 "GET /home/naves/ HTTP/1.1" 200 276
INFO 2020-12-06 14:15:47,754 basehttp 124 "GET /user/captcha/?username=zbt HTTP/1.1" 200 140
INFO 2020-12-06 14:15:55,089 basehttp 124 "OPTIONS /user/captcha/ HTTP/1.1" 200 0
INFO 2020-12-06 14:15:55,875 basehttp 124 "POST /user/captcha/ HTTP/1.1" 200 20
INFO 2020-12-06 14:15:55,887 basehttp 124 "OPTIONS /user/login/ HTTP/1.1" 200 0
INFO 2020-12-06 14:15:56,010 basehttp 124 "POST /user/login/ HTTP/1.1" 200 222
INFO 2020-12-06 14:15:56,129 basehttp 124 "GET /home/navs/ HTTP/1.1" 200 338
INFO 2020-12-06 14:15:56,132 basehttp 124 "GET /home/banners/ HTTP/1.1" 200 295
INFO 2020-12-06 14:15:56,133 basehttp 124 "GET /home/naves/ HTTP/1.1" 200 276
INFO 2020-12-06 14:19:39,920 basehttp 124 "GET /home/banners/ HTTP/1.1" 200 295
INFO 2020-12-06 14:19:39,928 basehttp 124 "GET /home/navs/ HTTP/1.1" 200 338
INFO 2020-12-06 14:19:39,929 basehttp 124 "GET /home/naves/ HTTP/1.1" 200 276
INFO 2020-12-06 14:19:49,061 basehttp 124 "GET /user/captcha/?username=zbt HTTP/1.1" 200 140
INFO 2020-12-06 14:19:56,035 basehttp 124 "POST /user/captcha/ HTTP/1.1" 200 20
INFO 2020-12-06 14:19:56,157 basehttp 124 "POST /user/login/ HTTP/1.1" 200 222
INFO 2020-12-06 14:19:56,238 basehttp 124 "GET /home/navs/ HTTP/1.1" 200 338
INFO 2020-12-06 14:19:56,246 basehttp 124 "GET /home/banners/ HTTP/1.1" 200 295
INFO 2020-12-06 14:19:56,249 basehttp 124 "GET /home/naves/ HTTP/1.1" 200 276
INFO 2020-12-06 14:23:17,703 basehttp 124 "GET /home/navs/ HTTP/1.1" 200 338
INFO 2020-12-06 14:23:26,821 basehttp 124 "GET /user/captcha/?username=zbt HTTP/1.1" 200 140
INFO 2020-12-06 14:23:32,352 basehttp 124 "POST /user/captcha/ HTTP/1.1" 200 20
INFO 2020-12-06 14:23:32,469 basehttp 124 "POST /user/login/ HTTP/1.1" 200 222
INFO 2020-12-06 14:23:32,576 basehttp 124 "GET /home/navs/ HTTP/1.1" 200 338
INFO 2020-12-06 14:23:32,584 basehttp 124 "GET /home/naves/ HTTP/1.1" 200 276
INFO 2020-12-06 14:23:32,585 basehttp 124 "GET /home/banners/ HTTP/1.1" 200 295
INFO 2020-12-06 14:25:22,080 basehttp 124 "GET /home/navs/ HTTP/1.1" 200 338
INFO 2020-12-06 14:29:35,996 basehttp 124 "GET /user/captcha/?username=zbt HTTP/1.1" 200 140
INFO 2020-12-06 14:29:41,835 basehttp 124 "POST /user/captcha/ HTTP/1.1" 200 20
INFO 2020-12-06 14:29:41,963 basehttp 124 "POST /user/login/ HTTP/1.1" 200 222
INFO 2020-12-06 14:29:42,065 basehttp 124 "GET /home/navs/ HTTP/1.1" 200 338
INFO 2020-12-06 14:29:42,068 basehttp 124 "GET /home/banners/ HTTP/1.1" 200 295
INFO 2020-12-06 14:29:42,069 basehttp 124 "GET /home/naves/ HTTP/1.1" 200 276
INFO 2020-12-06 14:34:35,218 basehttp 124 "GET /home/navs/ HTTP/1.1" 200 338
INFO 2020-12-06 14:34:37,518 basehttp 124 "GET /home/navs/ HTTP/1.1" 200 338
INFO 2020-12-06 14:34:37,522 basehttp 124 "GET /home/banners/ HTTP/1.1" 200 295
INFO 2020-12-06 14:34:37,525 basehttp 124 "GET /home/naves/ HTTP/1.1" 200 276
INFO 2020-12-06 15:20:03,458 basehttp 124 "GET /home/navs/ HTTP/1.1" 200 338
INFO 2020-12-06 15:20:03,462 basehttp 124 "GET /home/banners/ HTTP/1.1" 200 295
INFO 2020-12-06 15:20:03,472 basehttp 124 "GET /home/naves/ HTTP/1.1" 200 276
INFO 2020-12-06 15:20:03,509 basehttp 124 "GET /media/banner/03_Bd7pMbe.png HTTP/1.1" 304 0
INFO 2020-12-06 15:20:03,509 basehttp 124 "GET /media/banner/02_mRDrV5Q.png HTTP/1.1" 304 0
INFO 2020-12-06 15:20:03,511 basehttp 124 "GET /media/banner/01_6lT6U1x.png HTTP/1.1" 304 0
INFO 2020-12-06 15:46:50,861 basehttp 124 "GET /user/captcha/?username=zbt HTTP/1.1" 200 140
INFO 2020-12-06 15:46:55,942 basehttp 124 "POST /user/captcha/ HTTP/1.1" 200 20
INFO 2020-12-06 15:46:56,120 basehttp 124 "POST /user/login/ HTTP/1.1" 200 222
INFO 2020-12-06 15:46:56,212 basehttp 124 "GET /home/navs/ HTTP/1.1" 200 338
INFO 2020-12-06 15:46:56,221 basehttp 124 "GET /home/naves/ HTTP/1.1" 200 276
INFO 2020-12-06 15:46:56,221 basehttp 124 "GET /home/banners/ HTTP/1.1" 200 295
INFO 2020-12-06 15:48:40,013 basehttp 124 "GET /home/navs/ HTTP/1.1" 200 338
INFO 2020-12-06 15:48:40,022 basehttp 124 "GET /home/banners/ HTTP/1.1" 200 295
INFO 2020-12-06 15:48:40,022 basehttp 124 "GET /home/naves/ HTTP/1.1" 200 276
INFO 2020-12-06 15:54:28,683 basehttp 124 "GET /home/navs/ HTTP/1.1" 200 338
INFO 2020-12-06 15:54:28,691 basehttp 124 "GET /home/banners/ HTTP/1.1" 200 295
INFO 2020-12-06 15:54:28,692 basehttp 124 "GET /home/naves/ HTTP/1.1" 200 276
INFO 2020-12-06 15:58:10,075 basehttp 124 "GET /user/captcha/?username= HTTP/1.1" 200 140
INFO 2020-12-06 15:58:17,977 basehttp 124 "GET /user/captcha/?username= HTTP/1.1" 200 140
INFO 2020-12-06 16:08:23,755 basehttp 124 "GET /home/navs/ HTTP/1.1" 200 338
INFO 2020-12-06 16:08:23,762 basehttp 124 "GET /home/naves/ HTTP/1.1" 200 276
INFO 2020-12-06 16:08:23,770 basehttp 124 "GET /home/banners/ HTTP/1.1" 200 295
INFO 2020-12-06 16:08:40,618 basehttp 124 "GET /home/navs/ HTTP/1.1" 200 338
INFO 2020-12-06 16:08:40,622 basehttp 124 "GET /home/banners/ HTTP/1.1" 200 295
INFO 2020-12-06 16:08:40,625 basehttp 124 "GET /home/naves/ HTTP/1.1" 200 276
INFO 2020-12-06 16:08:56,926 basehttp 124 "GET /user/captcha/?username=zbt HTTP/1.1" 200 140
INFO 2020-12-06 16:08:59,463 basehttp 124 "GET /user/captcha/?username=zbt HTTP/1.1" 200 140
INFO 2020-12-06 16:08:59,608 basehttp 124 "GET /user/captcha/?username=zbt HTTP/1.1" 200 140
INFO 2020-12-06 16:09:00,738 basehttp 124 "GET /user/captcha/?username=zbt HTTP/1.1" 200 140
INFO 2020-12-06 16:09:00,874 basehttp 124 "GET /user/captcha/?username=zbt HTTP/1.1" 200 140
INFO 2020-12-06 16:09:10,291 basehttp 124 "GET /user/captcha/?username=zbt HTTP/1.1" 200 140
INFO 2020-12-06 16:09:19,026 basehttp 124 "POST /user/captcha/ HTTP/1.1" 200 20
INFO 2020-12-06 16:09:19,156 basehttp 124 "POST /user/login/ HTTP/1.1" 200 222
INFO 2020-12-06 16:09:19,252 basehttp 124 "GET /home/navs/ HTTP/1.1" 200 338
INFO 2020-12-06 16:09:19,255 basehttp 124 "GET /home/naves/ HTTP/1.1" 200 276
INFO 2020-12-06 16:09:19,256 basehttp 124 "GET /home/banners/ HTTP/1.1" 200 295
INFO 2020-12-06 16:09:23,373 basehttp 124 "GET /home/navs/ HTTP/1.1" 200 338
INFO 2020-12-06 16:09:23,395 basehttp 124 "GET /home/banners/ HTTP/1.1" 200 295
INFO 2020-12-06 16:09:23,402 basehttp 124 "GET /home/naves/ HTTP/1.1" 200 276
INFO 2020-12-06 16:09:28,377 basehttp 124 "GET /home/navs/ HTTP/1.1" 200 338
INFO 2020-12-06 16:09:28,383 basehttp 124 "GET /home/banners/ HTTP/1.1" 200 295
INFO 2020-12-06 16:09:28,384 basehttp 124 "GET /home/naves/ HTTP/1.1" 200 276
INFO 2020-12-06 16:09:31,641 basehttp 124 "GET /home/navs/ HTTP/1.1" 200 338
INFO 2020-12-06 16:09:31,651 basehttp 124 "GET /home/naves/ HTTP/1.1" 200 276
INFO 2020-12-06 16:09:31,651 basehttp 124 "GET /home/banners/ HTTP/1.1" 200 295
INFO 2020-12-06 16:09:33,437 basehttp 124 "GET /home/navs/ HTTP/1.1" 200 338
INFO 2020-12-06 16:09:33,437 basehttp 124 "GET /home/banners/ HTTP/1.1" 200 295
INFO 2020-12-06 16:09:33,441 basehttp 124 "GET /home/naves/ HTTP/1.1" 200 276
INFO 2020-12-06 16:09:33,938 basehttp 124 "GET /home/navs/ HTTP/1.1" 200 338
INFO 2020-12-06 16:09:33,944 basehttp 124 "GET /home/banners/ HTTP/1.1" 200 295
INFO 2020-12-06 16:09:33,951 basehttp 124 "GET /home/naves/ HTTP/1.1" 200 276
INFO 2020-12-06 16:25:06,460 basehttp 124 "GET /home/navs/ HTTP/1.1" 200 338
INFO 2020-12-06 16:25:06,467 basehttp 124 "GET /home/banners/ HTTP/1.1" 200 295
INFO 2020-12-06 16:25:06,468 basehttp 124 "GET /home/naves/ HTTP/1.1" 200 276
INFO 2020-12-06 16:25:10,877 basehttp 124 "GET /home/navs/ HTTP/1.1" 200 338
INFO 2020-12-06 16:25:10,885 basehttp 124 "GET /home/banners/ HTTP/1.1" 200 295
INFO 2020-12-06 16:25:10,886 basehttp 124 "GET /home/naves/ HTTP/1.1" 200 276
INFO 2020-12-06 16:25:12,509 basehttp 124 "GET /home/navs/ HTTP/1.1" 200 338
INFO 2020-12-06 16:25:12,512 basehttp 124 "GET /home/banners/ HTTP/1.1" 200 295
INFO 2020-12-06 16:25:12,512 basehttp 124 "GET /home/naves/ HTTP/1.1" 200 276
INFO 2020-12-06 16:25:13,874 basehttp 124 "GET /home/navs/ HTTP/1.1" 200 338
INFO 2020-12-06 16:25:13,879 basehttp 124 "GET /home/naves/ HTTP/1.1" 200 276
INFO 2020-12-06 16:25:13,879 basehttp 124 "GET /home/banners/ HTTP/1.1" 200 295
INFO 2020-12-06 16:25:24,997 basehttp 124 "GET /user/captcha/?username=zbt HTTP/1.1" 200 140
INFO 2020-12-06 16:25:31,488 basehttp 124 "OPTIONS /user/captcha/ HTTP/1.1" 200 0
INFO 2020-12-06 16:25:31,562 basehttp 124 "POST /user/captcha/ HTTP/1.1" 200 20
INFO 2020-12-06 16:25:31,573 basehttp 124 "OPTIONS /user/login/ HTTP/1.1" 200 0
INFO 2020-12-06 16:25:31,688 basehttp 124 "POST /user/login/ HTTP/1.1" 200 222
INFO 2020-12-06 16:25:31,795 basehttp 124 "GET /home/navs/ HTTP/1.1" 200 338
INFO 2020-12-06 16:25:31,796 basehttp 124 "GET /home/banners/ HTTP/1.1" 200 295
INFO 2020-12-06 16:25:31,797 basehttp 124 "GET /home/naves/ HTTP/1.1" 200 276
INFO 2020-12-06 16:25:41,510 basehttp 124 "GET /home/navs/ HTTP/1.1" 200 338
INFO 2020-12-06 16:25:41,511 basehttp 124 "GET /home/banners/ HTTP/1.1" 200 295
INFO 2020-12-06 16:25:41,511 basehttp 124 "GET /home/naves/ HTTP/1.1" 200 276
INFO 2020-12-06 16:34:54,637 basehttp 124 "GET /home/navs/ HTTP/1.1" 200 338
INFO 2020-12-06 16:34:54,648 basehttp 124 "GET /home/banners/ HTTP/1.1" 200 295
INFO 2020-12-06 16:34:54,658 basehttp 124 "GET /home/naves/ HTTP/1.1" 200 276
INFO 2020-12-06 16:36:58,399 basehttp 124 "GET /home/navs/ HTTP/1.1" 200 338
INFO 2020-12-06 16:36:58,405 basehttp 124 "GET /home/banners/ HTTP/1.1" 200 295
INFO 2020-12-06 16:36:58,409 basehttp 124 "GET /home/naves/ HTTP/1.1" 200 276
INFO 2020-12-06 16:37:07,824 basehttp 124 "GET /home/navs/ HTTP/1.1" 200 338
INFO 2020-12-06 16:37:07,832 basehttp 124 "GET /home/banners/ HTTP/1.1" 200 295
INFO 2020-12-06 16:37:07,841 basehttp 124 "GET /home/naves/ HTTP/1.1" 200 276
